#
# There is insufficient memory for the Java Runtime Environment to continue.
# Native memory allocation (malloc) failed to allocate 1624496 bytes for Chunk::new
# Possible reasons:
#   The system is out of physical RAM or swap space
#   The process is running with CompressedOops enabled, and the Java Heap may be blocking the growth of the native heap
# Possible solutions:
#   Reduce memory load on the system
#   Increase physical memory or swap space
#   Check if swap backing store is full
#   Decrease Java heap size (-Xmx/-Xms)
#   Decrease number of Java threads
#   Decrease Java thread stack sizes (-Xss)
#   Set larger code cache with -XX:ReservedCodeCacheSize=
#   JVM is running with Zero Based Compressed Oops mode in which the Java heap is
#     placed in the first 32GB address space. The Java Heap base address is the
#     maximum limit for the native heap growth. Please use -XX:HeapBaseMinAddress
#     to set the Java Heap base and to place the Java Heap above 32GB virtual address.
# This output file may be truncated or incomplete.
#
#  Out of Memory Error (arena.cpp:189), pid=6192, tid=27780
#
# JRE version: Java(TM) SE Runtime Environment (17.0.9+11) (build 17.0.9+11-LTS-201)
# Java VM: Java HotSpot(TM) 64-Bit Server VM (17.0.9+11-LTS-201, mixed mode, sharing, tiered, compressed oops, compressed class ptrs, g1 gc, windows-amd64)
# No core dump will be written. Minidumps are not enabled by default on client versions of Windows
#

---------------  S U M M A R Y ------------

Command Line: --add-opens=java.base/java.util=ALL-UNNAMED --add-opens=java.base/java.lang=ALL-UNNAMED --add-opens=java.base/java.lang.invoke=ALL-UNNAMED --add-opens=java.base/java.util=ALL-UNNAMED --add-opens=java.prefs/java.util.prefs=ALL-UNNAMED --add-opens=java.prefs/java.util.prefs=ALL-UNNAMED --add-opens=java.base/java.nio.charset=ALL-UNNAMED --add-opens=java.base/java.net=ALL-UNNAMED --add-opens=java.base/java.util.concurrent.atomic=ALL-UNNAMED -Xmx4G -Dfile.encoding=utf8 -Duser.country=FR -Duser.language=fr -Duser.variant org.gradle.launcher.daemon.bootstrap.GradleDaemon 7.5

Host: AMD Ryzen 5 5600H with Radeon Graphics         , 12 cores, 5G,  Windows 11 , 64 bit Build 22621 (10.0.22621.3085)
Time: Mon Jan 29 10:46:08 2024 Paris, Madrid elapsed time: 39.135455 seconds (0d 0h 0m 39s)

---------------  T H R E A D  ---------------

Current thread (0x000002498b1184d0):  JavaThread "C2 CompilerThread0" daemon [_thread_in_native, id=27780, stack(0x000000ee5c500000,0x000000ee5c600000)]


Current CompileTask:
C2:  39135 12576   !   4       org.gradle.internal.classloader.CachingClassLoader::loadClass (85 bytes)

Stack: [0x000000ee5c500000,0x000000ee5c600000]
Native frames: (J=compiled Java code, j=interpreted, Vv=VM code, C=native code)
V  [jvm.dll+0x678a4a]
V  [jvm.dll+0x7d9cfd]
V  [jvm.dll+0x7db60e]
V  [jvm.dll+0x7dbc73]
V  [jvm.dll+0x245e1f]
V  [jvm.dll+0xaaafb]
V  [jvm.dll+0xab09c]
V  [jvm.dll+0x36232f]
V  [jvm.dll+0x32ca01]
V  [jvm.dll+0x32be9a]
V  [jvm.dll+0x21812f]
V  [jvm.dll+0x217561]
V  [jvm.dll+0x1a3bc0]
V  [jvm.dll+0x2272de]
V  [jvm.dll+0x22548b]
V  [jvm.dll+0x78f58c]
V  [jvm.dll+0x78998a]
V  [jvm.dll+0x677875]
C  [ucrtbase.dll+0x29363]
C  [KERNEL32.DLL+0x1257d]
C  [ntdll.dll+0x5aa58]


---------------  P R O C E S S  ---------------

Threads class SMR info:
_java_thread_list=0x00000249d6127660, length=186, elements={
0x00000249e7e15ab0, 0x000002498b0fc570, 0x000002498b0ff140, 0x000002498b112dc0,
0x000002498b113980, 0x000002498b114540, 0x000002498b117320, 0x000002498b1184d0,
0x000002498b119bb0, 0x000002498b11f9e0, 0x000002498b3cdf40, 0x000002498b3cec40,
0x00000249d1fcd6c0, 0x00000249d18b9330, 0x00000249d24ff010, 0x00000249d2095850,
0x00000249d1cab060, 0x00000249d1caddf0, 0x00000249d1caba80, 0x00000249d1cac4a0,
0x00000249d1cac9b0, 0x00000249d1cae810, 0x00000249d1cacec0, 0x00000249d24edf00,
0x00000249d24ecfd0, 0x00000249d24f3000, 0x00000249d24ed4e0, 0x00000249d24ed9f0,
0x00000249d24f3510, 0x00000249d24f11a0, 0x00000249d24ef340, 0x00000249d24f16b0,
0x00000249d24f3a20, 0x00000249d24ef850, 0x00000249d3fddb90, 0x00000249d3fdcc60,
0x00000249d3fde0a0, 0x00000249d3fd8fa0, 0x00000249d3fd9ed0, 0x00000249d3fde5b0,
0x00000249d3fd94b0, 0x00000249d49f38e0, 0x00000249d49f3df0, 0x00000249d49f5740,
0x00000249d49f1570, 0x00000249d49f4300, 0x00000249d49f6160, 0x00000249d49f4810,
0x00000249d49f29b0, 0x00000249d49f6670, 0x00000249d49f6b80, 0x00000249d49f33d0,
0x00000249d49f7ab0, 0x00000249d49f5230, 0x00000249d49f4d20, 0x00000249d49f5c50,
0x00000249d49f7fc0, 0x00000249d49f2ec0, 0x00000249d49f84d0, 0x00000249d49f1060,
0x00000249d49f89e0, 0x00000249d49f1a80, 0x00000249d49f1f90, 0x00000249d49f24a0,
0x00000249d24f1bc0, 0x00000249d24f2af0, 0x00000249d24f0270, 0x00000249d24f20d0,
0x00000249d24ec0a0, 0x00000249d24f0c90, 0x00000249d24ec5b0, 0x00000249d24efd60,
0x00000249d24ee410, 0x00000249d24ecac0, 0x00000249d24f0780, 0x00000249d24ee920,
0x00000249d3fdb310, 0x00000249d3fdc240, 0x00000249d3fd8580, 0x00000249d3fd8a90,
0x00000249d3fd99c0, 0x00000249d3fdbd30, 0x00000249d3fdae00, 0x00000249d3fdc750,
0x00000249d3fdd170, 0x00000249d1cae300, 0x00000249d1cad3d0, 0x00000249d1cad8e0,
0x00000249d1cabf90, 0x00000249d1cab570, 0x00000249d8b69780, 0x00000249d8b68850,
0x00000249d8b6e370, 0x00000249d8b6c510, 0x00000249d8b6de60, 0x00000249d8b6e880,
0x00000249d8b69c90, 0x00000249d8b6d950, 0x00000249d8b6b0d0, 0x00000249d8b67e30,
0x00000249d8b68340, 0x00000249d8b68d60, 0x00000249d8b6ed90, 0x00000249d8b6cf30,
0x00000249d8b67920, 0x00000249d8b6a1a0, 0x00000249d8b6b5e0, 0x00000249d8b69270,
0x00000249d8b6a6b0, 0x00000249d8b6f2a0, 0x00000249d8b6abc0, 0x00000249d8b6ca20,
0x00000249d8b6baf0, 0x00000249d8b6d440, 0x00000249d8b6c000, 0x00000249d39a14b0,
0x00000249d39a19c0, 0x00000249d39a3310, 0x00000249d39a5170, 0x00000249d39a0070,
0x00000249d399dd00, 0x00000249d39a28f0, 0x00000249d39a4750, 0x00000249d39a2e00,
0x00000249d39a4c60, 0x00000249d39a0a90, 0x00000249d39a0580, 0x00000249d39a3820,
0x00000249d39a3d30, 0x00000249d399f140, 0x00000249d39a5680, 0x00000249d39a1ed0,
0x00000249d39a23e0, 0x00000249d39a4240, 0x00000249d399fb60, 0x00000249d399e210,
0x00000249d399e720, 0x00000249d39a0fa0, 0x00000249d399ec30, 0x00000249d399f650,
0x00000249d71499f0, 0x00000249d714ae30, 0x00000249d7147170, 0x00000249d7147680,
0x00000249d714cc90, 0x00000249d7148ac0, 0x00000249d714d1a0, 0x00000249d7146c60,
0x00000249d71485b0, 0x00000249d7147b90, 0x00000249d714c270, 0x00000249d714e0d0,
0x00000249d7149f00, 0x00000249d714e5e0, 0x00000249d714a410, 0x00000249d714dbc0,
0x00000249d714a920, 0x00000249d714b850, 0x00000249d7148fd0, 0x00000249d71494e0,
0x00000249d71480a0, 0x00000249d714b340, 0x00000249d714bd60, 0x00000249d714c780,
0x00000249d714d6b0, 0x00000249d63b2d40, 0x00000249d63b3250, 0x00000249d63b13f0,
0x00000249d63b4180, 0x00000249d63b4690, 0x00000249d63b3c70, 0x00000249d63b2830,
0x00000249d63b1900, 0x00000249d63b8350, 0x00000249d63b3760, 0x00000249d63b6a00,
0x00000249d63b0ee0, 0x00000249d63b64f0, 0x00000249d63b6f10, 0x00000249d63b4ba0,
0x00000249d63b50b0, 0x00000249d63b7e40, 0x00000249d63b8860, 0x00000249d63b5fe0,
0x00000249d63b55c0, 0x00000249d63b7420
}

Java Threads: ( => current thread )
  0x00000249e7e15ab0 JavaThread "main" [_thread_blocked, id=30476, stack(0x000000ee5b800000,0x000000ee5b900000)]
  0x000002498b0fc570 JavaThread "Reference Handler" daemon [_thread_blocked, id=22344, stack(0x000000ee5bf00000,0x000000ee5c000000)]
  0x000002498b0ff140 JavaThread "Finalizer" daemon [_thread_blocked, id=27424, stack(0x000000ee5c000000,0x000000ee5c100000)]
  0x000002498b112dc0 JavaThread "Signal Dispatcher" daemon [_thread_blocked, id=21488, stack(0x000000ee5c100000,0x000000ee5c200000)]
  0x000002498b113980 JavaThread "Attach Listener" daemon [_thread_blocked, id=8056, stack(0x000000ee5c200000,0x000000ee5c300000)]
  0x000002498b114540 JavaThread "Service Thread" daemon [_thread_blocked, id=28872, stack(0x000000ee5c300000,0x000000ee5c400000)]
  0x000002498b117320 JavaThread "Monitor Deflation Thread" daemon [_thread_blocked, id=4296, stack(0x000000ee5c400000,0x000000ee5c500000)]
=>0x000002498b1184d0 JavaThread "C2 CompilerThread0" daemon [_thread_in_native, id=27780, stack(0x000000ee5c500000,0x000000ee5c600000)]
  0x000002498b119bb0 JavaThread "C1 CompilerThread0" daemon [_thread_blocked, id=18516, stack(0x000000ee5c600000,0x000000ee5c700000)]
  0x000002498b11f9e0 JavaThread "Sweeper thread" daemon [_thread_blocked, id=12260, stack(0x000000ee5c700000,0x000000ee5c800000)]
  0x000002498b3cdf40 JavaThread "Common-Cleaner" daemon [_thread_blocked, id=23768, stack(0x000000ee5c800000,0x000000ee5c900000)]
  0x000002498b3cec40 JavaThread "Notification Thread" daemon [_thread_blocked, id=11732, stack(0x000000ee5c900000,0x000000ee5ca00000)]
  0x00000249d1fcd6c0 JavaThread "Daemon health stats" [_thread_blocked, id=18916, stack(0x000000ee5cf00000,0x000000ee5d000000)]
  0x00000249d18b9330 JavaThread "Incoming local TCP Connector on port 51119" [_thread_in_native, id=25856, stack(0x000000ee5d000000,0x000000ee5d100000)]
  0x00000249d24ff010 JavaThread "Daemon periodic checks" [_thread_blocked, id=25776, stack(0x000000ee5d100000,0x000000ee5d200000)]
  0x00000249d2095850 JavaThread "Daemon" [_thread_blocked, id=7800, stack(0x000000ee5d200000,0x000000ee5d300000)]
  0x00000249d1cab060 JavaThread "Daemon worker" [_thread_in_vm, id=28504, stack(0x000000ee5d500000,0x000000ee5d600000)]
  0x00000249d1caddf0 JavaThread "Cache worker for journal cache (C:\Users\Christian\.gradle\caches\journal-1)" [_thread_blocked, id=5692, stack(0x000000ee5d900000,0x000000ee5da00000)]
  0x00000249d1caba80 JavaThread "File lock request listener" [_thread_in_native, id=20528, stack(0x000000ee5da00000,0x000000ee5db00000)]
  0x00000249d1cac4a0 JavaThread "Cache worker for file hash cache (C:\Users\Christian\.gradle\caches\7.5\fileHashes)" [_thread_blocked, id=14876, stack(0x000000ee5e000000,0x000000ee5e100000)]
  0x00000249d1cac9b0 JavaThread "File lock release action executor" [_thread_blocked, id=4808, stack(0x000000ee5e100000,0x000000ee5e200000)]
  0x00000249d1cae810 JavaThread "File watcher server" daemon [_thread_in_native, id=29504, stack(0x000000ee5e200000,0x000000ee5e300000)]
  0x00000249d1cacec0 JavaThread "File watcher consumer" daemon [_thread_blocked, id=29312, stack(0x000000ee5e300000,0x000000ee5e400000)]
  0x00000249d24edf00 JavaThread "Cache worker for file content cache (C:\Users\Christian\.gradle\caches\7.5\fileContent)" [_thread_blocked, id=29500, stack(0x000000ee5e600000,0x000000ee5e700000)]
  0x00000249d24ecfd0 JavaThread "Cache worker for execution history cache (C:\Users\Christian\.gradle\caches\7.5\executionHistory)" [_thread_blocked, id=19580, stack(0x000000ee5eb00000,0x000000ee5ec00000)]
  0x00000249d24f3000 JavaThread "jar transforms" [_thread_blocked, id=28576, stack(0x000000ee5ec00000,0x000000ee5ed00000)]
  0x00000249d24ed4e0 JavaThread "jar transforms Thread 2" [_thread_blocked, id=26656, stack(0x000000ee5ed00000,0x000000ee5ee00000)]
  0x00000249d24ed9f0 JavaThread "jar transforms Thread 3" [_thread_blocked, id=29384, stack(0x000000ee5ee00000,0x000000ee5ef00000)]
  0x00000249d24f3510 JavaThread "Cache worker for kotlin-dsl (C:\Users\Christian\.gradle\caches\7.5\kotlin-dsl)" [_thread_blocked, id=29624, stack(0x000000ee5ef00000,0x000000ee5f000000)]
  0x00000249d24f11a0 JavaThread "jar transforms Thread 4" [_thread_blocked, id=15248, stack(0x000000ee5f000000,0x000000ee5f100000)]
  0x00000249d24ef340 JavaThread "jar transforms Thread 5" [_thread_blocked, id=29160, stack(0x000000ee5f300000,0x000000ee5f400000)]
  0x00000249d24f16b0 JavaThread "Memory manager" [_thread_blocked, id=28336, stack(0x000000ee5f400000,0x000000ee5f500000)]
  0x00000249d24f3a20 JavaThread "jar transforms Thread 6" [_thread_blocked, id=28012, stack(0x000000ee5f500000,0x000000ee5f600000)]
  0x00000249d24ef850 JavaThread "included builds" [_thread_blocked, id=28356, stack(0x000000ee5f600000,0x000000ee5f700000)]
  0x00000249d3fddb90 JavaThread "jar transforms Thread 7" [_thread_blocked, id=26068, stack(0x000000ee67b00000,0x000000ee67c00000)]
  0x00000249d3fdcc60 JavaThread "jar transforms Thread 8" [_thread_blocked, id=26924, stack(0x000000ee67c00000,0x000000ee67d00000)]
  0x00000249d3fde0a0 JavaThread "jar transforms Thread 9" [_thread_blocked, id=17692, stack(0x000000ee67d00000,0x000000ee67e00000)]
  0x00000249d3fd8fa0 JavaThread "jar transforms Thread 10" [_thread_blocked, id=26808, stack(0x000000ee67e00000,0x000000ee67f00000)]
  0x00000249d3fd9ed0 JavaThread "jar transforms Thread 11" [_thread_blocked, id=26128, stack(0x000000ee67f00000,0x000000ee68000000)]
  0x00000249d3fde5b0 JavaThread "jar transforms Thread 12" [_thread_blocked, id=23648, stack(0x000000ee68000000,0x000000ee68100000)]
  0x00000249d3fd94b0 JavaThread "pool-3-thread-1" [_thread_blocked, id=1868, stack(0x000000ee68600000,0x000000ee68700000)]
  0x00000249d49f38e0 JavaThread "Handler for socket connection from /127.0.0.1:51119 to /127.0.0.1:51129" [_thread_in_native, id=16160, stack(0x000000ee5d300000,0x000000ee5d400000)]
  0x00000249d49f3df0 JavaThread "Cancel handler" [_thread_blocked, id=29056, stack(0x000000ee5d400000,0x000000ee5d500000)]
  0x00000249d49f5740 JavaThread "Asynchronous log dispatcher for DefaultDaemonConnection: socket connection from /127.0.0.1:51119 to /127.0.0.1:51129" [_thread_blocked, id=6760, stack(0x000000ee5d600000,0x000000ee5d700000)]
  0x00000249d49f1570 JavaThread "Stdin handler" [_thread_blocked, id=9520, stack(0x000000ee5d700000,0x000000ee5d800000)]
  0x00000249d49f4300 JavaThread "Daemon client event forwarder" [_thread_blocked, id=26356, stack(0x000000ee5d800000,0x000000ee5d900000)]
  0x00000249d49f6160 JavaThread "Cache worker for checksums cache (C:\Users\Christian\Documents\GitHub\MSPR\front\android\.gradle\7.5\checksums)" [_thread_blocked, id=14196, stack(0x000000ee5e400000,0x000000ee5e500000)]
  0x00000249d49f4810 JavaThread "Cache worker for cache directory md-rule (C:\Users\Christian\.gradle\caches\7.5\md-rule)" [_thread_blocked, id=17700, stack(0x000000ee5e500000,0x000000ee5e600000)]
  0x00000249d49f29b0 JavaThread "Cache worker for file hash cache (C:\Users\Christian\Documents\GitHub\MSPR\front\android\.gradle\7.5\fileHashes)" [_thread_blocked, id=27036, stack(0x000000ee5e900000,0x000000ee5ea00000)]
  0x00000249d49f6670 JavaThread "Cache worker for cache directory md-supplier (C:\Users\Christian\.gradle\caches\7.5\md-supplier)" [_thread_blocked, id=28992, stack(0x000000ee5ea00000,0x000000ee5eb00000)]
  0x00000249d49f6b80 JavaThread "Cache worker for dependencies-accessors (C:\Users\Christian\Documents\GitHub\MSPR\front\android\.gradle\7.5\dependencies-accessors)" [_thread_blocked, id=25624, stack(0x000000ee5f100000,0x000000ee5f200000)]
  0x00000249d49f33d0 JavaThread "Cache worker for Build Output Cleanup Cache (C:\Flutter\packages\flutter_tools\gradle\.gradle\buildOutputCleanup)" [_thread_blocked, id=28448, stack(0x000000ee5f200000,0x000000ee5f300000)]
  0x00000249d49f7ab0 JavaThread "included builds" [_thread_blocked, id=10224, stack(0x000000ee5f700000,0x000000ee5f800000)]
  0x00000249d49f5230 JavaThread "Execution worker" [_thread_blocked, id=28668, stack(0x000000ee5f800000,0x000000ee5f900000)]
  0x00000249d49f4d20 JavaThread "Execution worker Thread 2" [_thread_blocked, id=26884, stack(0x000000ee5f900000,0x000000ee5fa00000)]
  0x00000249d49f5c50 JavaThread "Execution worker Thread 3" [_thread_blocked, id=25332, stack(0x000000ee5fa00000,0x000000ee5fb00000)]
  0x00000249d49f7fc0 JavaThread "Execution worker Thread 4" [_thread_blocked, id=18068, stack(0x000000ee5fb00000,0x000000ee5fc00000)]
  0x00000249d49f2ec0 JavaThread "Execution worker Thread 5" [_thread_blocked, id=28876, stack(0x000000ee5fc00000,0x000000ee5fd00000)]
  0x00000249d49f84d0 JavaThread "Execution worker Thread 6" [_thread_blocked, id=27260, stack(0x000000ee5fd00000,0x000000ee5fe00000)]
  0x00000249d49f1060 JavaThread "Execution worker Thread 7" [_thread_blocked, id=29832, stack(0x000000ee5fe00000,0x000000ee5ff00000)]
  0x00000249d49f89e0 JavaThread "Execution worker Thread 8" [_thread_blocked, id=2200, stack(0x000000ee5ff00000,0x000000ee60000000)]
  0x00000249d49f1a80 JavaThread "Execution worker Thread 9" [_thread_blocked, id=27536, stack(0x000000ee60000000,0x000000ee60100000)]
  0x00000249d49f1f90 JavaThread "Execution worker Thread 10" [_thread_blocked, id=26524, stack(0x000000ee60100000,0x000000ee60200000)]
  0x00000249d49f24a0 JavaThread "Execution worker Thread 11" [_thread_blocked, id=13116, stack(0x000000ee60200000,0x000000ee60300000)]
  0x00000249d24f1bc0 JavaThread "Cache worker for execution history cache (C:\Flutter\packages\flutter_tools\gradle\.gradle\7.5\executionHistory)" [_thread_blocked, id=30492, stack(0x000000ee60300000,0x000000ee60400000)]
  0x00000249d24f2af0 JavaThread "Unconstrained build operations" [_thread_blocked, id=20196, stack(0x000000ee60400000,0x000000ee60500000)]
  0x00000249d24f0270 JavaThread "Unconstrained build operations Thread 2" [_thread_blocked, id=1860, stack(0x000000ee60500000,0x000000ee60600000)]
  0x00000249d24f20d0 JavaThread "Unconstrained build operations Thread 3" [_thread_blocked, id=20160, stack(0x000000ee60600000,0x000000ee60700000)]
  0x00000249d24ec0a0 JavaThread "Unconstrained build operations Thread 4" [_thread_blocked, id=788, stack(0x000000ee60700000,0x000000ee60800000)]
  0x00000249d24f0c90 JavaThread "Unconstrained build operations Thread 5" [_thread_blocked, id=7992, stack(0x000000ee60800000,0x000000ee60900000)]
  0x00000249d24ec5b0 JavaThread "Unconstrained build operations Thread 6" [_thread_blocked, id=21968, stack(0x000000ee60900000,0x000000ee60a00000)]
  0x00000249d24efd60 JavaThread "Unconstrained build operations Thread 7" [_thread_blocked, id=6404, stack(0x000000ee60a00000,0x000000ee60b00000)]
  0x00000249d24ee410 JavaThread "Unconstrained build operations Thread 8" [_thread_blocked, id=28708, stack(0x000000ee60b00000,0x000000ee60c00000)]
  0x00000249d24ecac0 JavaThread "Unconstrained build operations Thread 9" [_thread_blocked, id=3924, stack(0x000000ee60c00000,0x000000ee60d00000)]
  0x00000249d24f0780 JavaThread "Unconstrained build operations Thread 10" [_thread_blocked, id=19176, stack(0x000000ee60d00000,0x000000ee60e00000)]
  0x00000249d24ee920 JavaThread "Unconstrained build operations Thread 11" [_thread_blocked, id=26132, stack(0x000000ee60e00000,0x000000ee60f00000)]
  0x00000249d3fdb310 JavaThread "Unconstrained build operations Thread 12" [_thread_blocked, id=30028, stack(0x000000ee60f00000,0x000000ee61000000)]
  0x00000249d3fdc240 JavaThread "Unconstrained build operations Thread 13" [_thread_blocked, id=30648, stack(0x000000ee61000000,0x000000ee61100000)]
  0x00000249d3fd8580 JavaThread "Unconstrained build operations Thread 14" [_thread_blocked, id=26572, stack(0x000000ee61100000,0x000000ee61200000)]
  0x00000249d3fd8a90 JavaThread "Unconstrained build operations Thread 15" [_thread_blocked, id=29004, stack(0x000000ee61200000,0x000000ee61300000)]
  0x00000249d3fd99c0 JavaThread "Unconstrained build operations Thread 16" [_thread_blocked, id=11424, stack(0x000000ee61300000,0x000000ee61400000)]
  0x00000249d3fdbd30 JavaThread "Unconstrained build operations Thread 17" [_thread_blocked, id=29620, stack(0x000000ee61400000,0x000000ee61500000)]
  0x00000249d3fdae00 JavaThread "Unconstrained build operations Thread 18" [_thread_blocked, id=17756, stack(0x000000ee61500000,0x000000ee61600000)]
  0x00000249d3fdc750 JavaThread "Unconstrained build operations Thread 19" [_thread_blocked, id=19736, stack(0x000000ee61600000,0x000000ee61700000)]
  0x00000249d3fdd170 JavaThread "Unconstrained build operations Thread 20" [_thread_blocked, id=15708, stack(0x000000ee61700000,0x000000ee61800000)]
  0x00000249d1cae300 JavaThread "Unconstrained build operations Thread 21" [_thread_blocked, id=20184, stack(0x000000ee61800000,0x000000ee61900000)]
  0x00000249d1cad3d0 JavaThread "Unconstrained build operations Thread 22" [_thread_blocked, id=26952, stack(0x000000ee61900000,0x000000ee61a00000)]
  0x00000249d1cad8e0 JavaThread "Unconstrained build operations Thread 23" [_thread_blocked, id=11056, stack(0x000000ee61a00000,0x000000ee61b00000)]
  0x00000249d1cabf90 JavaThread "Unconstrained build operations Thread 24" [_thread_blocked, id=22304, stack(0x000000ee61b00000,0x000000ee61c00000)]
  0x00000249d1cab570 JavaThread "Unconstrained build operations Thread 25" [_thread_blocked, id=21532, stack(0x000000ee61c00000,0x000000ee61d00000)]
  0x00000249d8b69780 JavaThread "Unconstrained build operations Thread 26" [_thread_blocked, id=17340, stack(0x000000ee61d00000,0x000000ee61e00000)]
  0x00000249d8b68850 JavaThread "Unconstrained build operations Thread 27" [_thread_blocked, id=25328, stack(0x000000ee61e00000,0x000000ee61f00000)]
  0x00000249d8b6e370 JavaThread "Unconstrained build operations Thread 28" [_thread_blocked, id=29772, stack(0x000000ee61f00000,0x000000ee62000000)]
  0x00000249d8b6c510 JavaThread "Unconstrained build operations Thread 29" [_thread_blocked, id=2244, stack(0x000000ee62000000,0x000000ee62100000)]
  0x00000249d8b6de60 JavaThread "Unconstrained build operations Thread 30" [_thread_blocked, id=27176, stack(0x000000ee62100000,0x000000ee62200000)]
  0x00000249d8b6e880 JavaThread "Unconstrained build operations Thread 31" [_thread_blocked, id=12604, stack(0x000000ee62200000,0x000000ee62300000)]
  0x00000249d8b69c90 JavaThread "Unconstrained build operations Thread 32" [_thread_blocked, id=10460, stack(0x000000ee62300000,0x000000ee62400000)]
  0x00000249d8b6d950 JavaThread "Unconstrained build operations Thread 33" [_thread_blocked, id=23872, stack(0x000000ee62400000,0x000000ee62500000)]
  0x00000249d8b6b0d0 JavaThread "Unconstrained build operations Thread 34" [_thread_blocked, id=25676, stack(0x000000ee62500000,0x000000ee62600000)]
  0x00000249d8b67e30 JavaThread "Unconstrained build operations Thread 35" [_thread_blocked, id=29812, stack(0x000000ee62600000,0x000000ee62700000)]
  0x00000249d8b68340 JavaThread "Unconstrained build operations Thread 36" [_thread_blocked, id=18272, stack(0x000000ee62700000,0x000000ee62800000)]
  0x00000249d8b68d60 JavaThread "Unconstrained build operations Thread 37" [_thread_blocked, id=6368, stack(0x000000ee62800000,0x000000ee62900000)]
  0x00000249d8b6ed90 JavaThread "Unconstrained build operations Thread 38" [_thread_blocked, id=26556, stack(0x000000ee62900000,0x000000ee62a00000)]
  0x00000249d8b6cf30 JavaThread "Unconstrained build operations Thread 39" [_thread_blocked, id=21724, stack(0x000000ee62a00000,0x000000ee62b00000)]
  0x00000249d8b67920 JavaThread "Unconstrained build operations Thread 40" [_thread_blocked, id=25228, stack(0x000000ee62b00000,0x000000ee62c00000)]
  0x00000249d8b6a1a0 JavaThread "Unconstrained build operations Thread 41" [_thread_blocked, id=14516, stack(0x000000ee62c00000,0x000000ee62d00000)]
  0x00000249d8b6b5e0 JavaThread "Unconstrained build operations Thread 42" [_thread_blocked, id=29740, stack(0x000000ee62d00000,0x000000ee62e00000)]
  0x00000249d8b69270 JavaThread "Unconstrained build operations Thread 43" [_thread_blocked, id=28724, stack(0x000000ee62e00000,0x000000ee62f00000)]
  0x00000249d8b6a6b0 JavaThread "Unconstrained build operations Thread 44" [_thread_blocked, id=16904, stack(0x000000ee62f00000,0x000000ee63000000)]
  0x00000249d8b6f2a0 JavaThread "Unconstrained build operations Thread 45" [_thread_blocked, id=22480, stack(0x000000ee63000000,0x000000ee63100000)]
  0x00000249d8b6abc0 JavaThread "Unconstrained build operations Thread 46" [_thread_blocked, id=26564, stack(0x000000ee63100000,0x000000ee63200000)]
  0x00000249d8b6ca20 JavaThread "Unconstrained build operations Thread 47" [_thread_blocked, id=29756, stack(0x000000ee63200000,0x000000ee63300000)]
  0x00000249d8b6baf0 JavaThread "Unconstrained build operations Thread 48" [_thread_blocked, id=4848, stack(0x000000ee63300000,0x000000ee63400000)]
  0x00000249d8b6d440 JavaThread "Unconstrained build operations Thread 49" [_thread_blocked, id=19664, stack(0x000000ee63400000,0x000000ee63500000)]
  0x00000249d8b6c000 JavaThread "Unconstrained build operations Thread 50" [_thread_blocked, id=26324, stack(0x000000ee63500000,0x000000ee63600000)]
  0x00000249d39a14b0 JavaThread "Unconstrained build operations Thread 51" [_thread_blocked, id=26368, stack(0x000000ee63600000,0x000000ee63700000)]
  0x00000249d39a19c0 JavaThread "Unconstrained build operations Thread 52" [_thread_blocked, id=24032, stack(0x000000ee63700000,0x000000ee63800000)]
  0x00000249d39a3310 JavaThread "Unconstrained build operations Thread 53" [_thread_blocked, id=30144, stack(0x000000ee63800000,0x000000ee63900000)]
  0x00000249d39a5170 JavaThread "Unconstrained build operations Thread 54" [_thread_blocked, id=27524, stack(0x000000ee63900000,0x000000ee63a00000)]
  0x00000249d39a0070 JavaThread "Unconstrained build operations Thread 55" [_thread_blocked, id=29804, stack(0x000000ee63a00000,0x000000ee63b00000)]
  0x00000249d399dd00 JavaThread "Unconstrained build operations Thread 56" [_thread_blocked, id=30044, stack(0x000000ee63b00000,0x000000ee63c00000)]
  0x00000249d39a28f0 JavaThread "Unconstrained build operations Thread 57" [_thread_blocked, id=4664, stack(0x000000ee63c00000,0x000000ee63d00000)]
  0x00000249d39a4750 JavaThread "Unconstrained build operations Thread 58" [_thread_blocked, id=29848, stack(0x000000ee63d00000,0x000000ee63e00000)]
  0x00000249d39a2e00 JavaThread "Unconstrained build operations Thread 59" [_thread_blocked, id=20996, stack(0x000000ee63e00000,0x000000ee63f00000)]
  0x00000249d39a4c60 JavaThread "Unconstrained build operations Thread 60" [_thread_blocked, id=27596, stack(0x000000ee63f00000,0x000000ee64000000)]
  0x00000249d39a0a90 JavaThread "Unconstrained build operations Thread 61" [_thread_blocked, id=8292, stack(0x000000ee64000000,0x000000ee64100000)]
  0x00000249d39a0580 JavaThread "Unconstrained build operations Thread 62" [_thread_blocked, id=28556, stack(0x000000ee64100000,0x000000ee64200000)]
  0x00000249d39a3820 JavaThread "Unconstrained build operations Thread 63" [_thread_blocked, id=30052, stack(0x000000ee64200000,0x000000ee64300000)]
  0x00000249d39a3d30 JavaThread "Unconstrained build operations Thread 64" [_thread_blocked, id=26688, stack(0x000000ee64300000,0x000000ee64400000)]
  0x00000249d399f140 JavaThread "Unconstrained build operations Thread 65" [_thread_blocked, id=28528, stack(0x000000ee64400000,0x000000ee64500000)]
  0x00000249d39a5680 JavaThread "Unconstrained build operations Thread 66" [_thread_blocked, id=28552, stack(0x000000ee64500000,0x000000ee64600000)]
  0x00000249d39a1ed0 JavaThread "Unconstrained build operations Thread 67" [_thread_blocked, id=29860, stack(0x000000ee64600000,0x000000ee64700000)]
  0x00000249d39a23e0 JavaThread "Unconstrained build operations Thread 68" [_thread_blocked, id=29700, stack(0x000000ee64700000,0x000000ee64800000)]
  0x00000249d39a4240 JavaThread "Unconstrained build operations Thread 69" [_thread_blocked, id=1196, stack(0x000000ee64800000,0x000000ee64900000)]
  0x00000249d399fb60 JavaThread "Unconstrained build operations Thread 70" [_thread_blocked, id=29268, stack(0x000000ee64900000,0x000000ee64a00000)]
  0x00000249d399e210 JavaThread "Unconstrained build operations Thread 71" [_thread_blocked, id=3720, stack(0x000000ee64a00000,0x000000ee64b00000)]
  0x00000249d399e720 JavaThread "Unconstrained build operations Thread 72" [_thread_blocked, id=26528, stack(0x000000ee64b00000,0x000000ee64c00000)]
  0x00000249d39a0fa0 JavaThread "Unconstrained build operations Thread 73" [_thread_blocked, id=29656, stack(0x000000ee64c00000,0x000000ee64d00000)]
  0x00000249d399ec30 JavaThread "Unconstrained build operations Thread 74" [_thread_blocked, id=14924, stack(0x000000ee64d00000,0x000000ee64e00000)]
  0x00000249d399f650 JavaThread "Unconstrained build operations Thread 75" [_thread_blocked, id=28800, stack(0x000000ee64e00000,0x000000ee64f00000)]
  0x00000249d71499f0 JavaThread "Unconstrained build operations Thread 76" [_thread_blocked, id=30080, stack(0x000000ee64f00000,0x000000ee65000000)]
  0x00000249d714ae30 JavaThread "Unconstrained build operations Thread 77" [_thread_blocked, id=26336, stack(0x000000ee65000000,0x000000ee65100000)]
  0x00000249d7147170 JavaThread "Unconstrained build operations Thread 78" [_thread_blocked, id=30084, stack(0x000000ee65100000,0x000000ee65200000)]
  0x00000249d7147680 JavaThread "Unconstrained build operations Thread 79" [_thread_blocked, id=29604, stack(0x000000ee65200000,0x000000ee65300000)]
  0x00000249d714cc90 JavaThread "Unconstrained build operations Thread 80" [_thread_blocked, id=28428, stack(0x000000ee65300000,0x000000ee65400000)]
  0x00000249d7148ac0 JavaThread "Unconstrained build operations Thread 81" [_thread_blocked, id=21124, stack(0x000000ee65400000,0x000000ee65500000)]
  0x00000249d714d1a0 JavaThread "Unconstrained build operations Thread 82" [_thread_blocked, id=29776, stack(0x000000ee65500000,0x000000ee65600000)]
  0x00000249d7146c60 JavaThread "Unconstrained build operations Thread 83" [_thread_blocked, id=13624, stack(0x000000ee65600000,0x000000ee65700000)]
  0x00000249d71485b0 JavaThread "Unconstrained build operations Thread 84" [_thread_blocked, id=29800, stack(0x000000ee65700000,0x000000ee65800000)]
  0x00000249d7147b90 JavaThread "Unconstrained build operations Thread 85" [_thread_blocked, id=2960, stack(0x000000ee65800000,0x000000ee65900000)]
  0x00000249d714c270 JavaThread "Unconstrained build operations Thread 86" [_thread_blocked, id=29256, stack(0x000000ee65900000,0x000000ee65a00000)]
  0x00000249d714e0d0 JavaThread "Unconstrained build operations Thread 87" [_thread_blocked, id=17740, stack(0x000000ee65a00000,0x000000ee65b00000)]
  0x00000249d7149f00 JavaThread "Unconstrained build operations Thread 88" [_thread_blocked, id=20148, stack(0x000000ee65b00000,0x000000ee65c00000)]
  0x00000249d714e5e0 JavaThread "Unconstrained build operations Thread 89" [_thread_blocked, id=6052, stack(0x000000ee65c00000,0x000000ee65d00000)]
  0x00000249d714a410 JavaThread "Unconstrained build operations Thread 90" [_thread_blocked, id=1644, stack(0x000000ee65d00000,0x000000ee65e00000)]
  0x00000249d714dbc0 JavaThread "Unconstrained build operations Thread 91" [_thread_blocked, id=26420, stack(0x000000ee65e00000,0x000000ee65f00000)]
  0x00000249d714a920 JavaThread "Unconstrained build operations Thread 92" [_thread_blocked, id=23600, stack(0x000000ee65f00000,0x000000ee66000000)]
  0x00000249d714b850 JavaThread "Unconstrained build operations Thread 93" [_thread_blocked, id=27508, stack(0x000000ee66000000,0x000000ee66100000)]
  0x00000249d7148fd0 JavaThread "Unconstrained build operations Thread 94" [_thread_blocked, id=26424, stack(0x000000ee66100000,0x000000ee66200000)]
  0x00000249d71494e0 JavaThread "Unconstrained build operations Thread 95" [_thread_blocked, id=9976, stack(0x000000ee66200000,0x000000ee66300000)]
  0x00000249d71480a0 JavaThread "Unconstrained build operations Thread 96" [_thread_blocked, id=26192, stack(0x000000ee66300000,0x000000ee66400000)]
  0x00000249d714b340 JavaThread "Unconstrained build operations Thread 97" [_thread_blocked, id=11692, stack(0x000000ee66400000,0x000000ee66500000)]
  0x00000249d714bd60 JavaThread "Unconstrained build operations Thread 98" [_thread_blocked, id=24700, stack(0x000000ee66500000,0x000000ee66600000)]
  0x00000249d714c780 JavaThread "Unconstrained build operations Thread 99" [_thread_blocked, id=14144, stack(0x000000ee66600000,0x000000ee66700000)]
  0x00000249d714d6b0 JavaThread "Unconstrained build operations Thread 100" [_thread_blocked, id=7216, stack(0x000000ee66700000,0x000000ee66800000)]
  0x00000249d63b2d40 JavaThread "Unconstrained build operations Thread 101" [_thread_blocked, id=19600, stack(0x000000ee66800000,0x000000ee66900000)]
  0x00000249d63b3250 JavaThread "Unconstrained build operations Thread 102" [_thread_blocked, id=28600, stack(0x000000ee66900000,0x000000ee66a00000)]
  0x00000249d63b13f0 JavaThread "Unconstrained build operations Thread 103" [_thread_blocked, id=29420, stack(0x000000ee66a00000,0x000000ee66b00000)]
  0x00000249d63b4180 JavaThread "Unconstrained build operations Thread 104" [_thread_blocked, id=29244, stack(0x000000ee66b00000,0x000000ee66c00000)]
  0x00000249d63b4690 JavaThread "Unconstrained build operations Thread 105" [_thread_blocked, id=2208, stack(0x000000ee66c00000,0x000000ee66d00000)]
  0x00000249d63b3c70 JavaThread "Unconstrained build operations Thread 106" [_thread_blocked, id=29284, stack(0x000000ee66d00000,0x000000ee66e00000)]
  0x00000249d63b2830 JavaThread "Unconstrained build operations Thread 107" [_thread_blocked, id=29428, stack(0x000000ee66e00000,0x000000ee66f00000)]
  0x00000249d63b1900 JavaThread "Unconstrained build operations Thread 108" [_thread_blocked, id=29436, stack(0x000000ee66f00000,0x000000ee67000000)]
  0x00000249d63b8350 JavaThread "Unconstrained build operations Thread 109" [_thread_blocked, id=29440, stack(0x000000ee67000000,0x000000ee67100000)]
  0x00000249d63b3760 JavaThread "Unconstrained build operations Thread 110" [_thread_blocked, id=29444, stack(0x000000ee67100000,0x000000ee67200000)]
  0x00000249d63b6a00 JavaThread "Unconstrained build operations Thread 111" [_thread_blocked, id=29472, stack(0x000000ee67200000,0x000000ee67300000)]
  0x00000249d63b0ee0 JavaThread "Unconstrained build operations Thread 112" [_thread_blocked, id=26268, stack(0x000000ee67300000,0x000000ee67400000)]
  0x00000249d63b64f0 JavaThread "Unconstrained build operations Thread 113" [_thread_blocked, id=29484, stack(0x000000ee67400000,0x000000ee67500000)]
  0x00000249d63b6f10 JavaThread "Unconstrained build operations Thread 114" [_thread_blocked, id=28908, stack(0x000000ee67500000,0x000000ee67600000)]
  0x00000249d63b4ba0 JavaThread "Unconstrained build operations Thread 115" [_thread_blocked, id=28928, stack(0x000000ee67600000,0x000000ee67700000)]
  0x00000249d63b50b0 JavaThread "Unconstrained build operations Thread 116" [_thread_blocked, id=28772, stack(0x000000ee67700000,0x000000ee67800000)]
  0x00000249d63b7e40 JavaThread "Unconstrained build operations Thread 117" [_thread_blocked, id=28880, stack(0x000000ee67800000,0x000000ee67900000)]
  0x00000249d63b8860 JavaThread "Unconstrained build operations Thread 118" [_thread_blocked, id=28884, stack(0x000000ee67900000,0x000000ee67a00000)]
  0x00000249d63b5fe0 JavaThread "Unconstrained build operations Thread 119" [_thread_blocked, id=4620, stack(0x000000ee67a00000,0x000000ee67b00000)]
  0x00000249d63b55c0 JavaThread "Unconstrained build operations Thread 120" [_thread_blocked, id=28780, stack(0x000000ee68100000,0x000000ee68200000)]
  0x00000249d63b7420 JavaThread "Cache worker for Build Output Cleanup Cache (C:\Users\Christian\Documents\GitHub\MSPR\front\android\.gradle\buildOutputCleanup)" [_thread_blocked, id=29840, stack(0x000000ee68200000,0x000000ee68300000)]

Other Threads:
  0x000002498b0f7cb0 VMThread "VM Thread" [stack: 0x000000ee5be00000,0x000000ee5bf00000] [id=30380]
  0x00000249e7eaf200 WatcherThread [stack: 0x000000ee5ca00000,0x000000ee5cb00000] [id=19400]
  0x00000249e7e82830 GCTaskThread "GC Thread#0" [stack: 0x000000ee5b900000,0x000000ee5ba00000] [id=30096]
  0x000002498bd586a0 GCTaskThread "GC Thread#1" [stack: 0x000000ee5cb00000,0x000000ee5cc00000] [id=7392]
  0x00000249d11584a0 GCTaskThread "GC Thread#2" [stack: 0x000000ee5cc00000,0x000000ee5cd00000] [id=25972]
  0x000002498be74570 GCTaskThread "GC Thread#3" [stack: 0x000000ee5cd00000,0x000000ee5ce00000] [id=22876]
  0x000002498be24720 GCTaskThread "GC Thread#4" [stack: 0x000000ee5ce00000,0x000000ee5cf00000] [id=22384]
  0x00000249d247d020 GCTaskThread "GC Thread#5" [stack: 0x000000ee5db00000,0x000000ee5dc00000] [id=30428]
  0x00000249d247d2e0 GCTaskThread "GC Thread#6" [stack: 0x000000ee5dc00000,0x000000ee5dd00000] [id=28916]
  0x00000249d247d5a0 GCTaskThread "GC Thread#7" [stack: 0x000000ee5dd00000,0x000000ee5de00000] [id=30432]
  0x00000249d247d860 GCTaskThread "GC Thread#8" [stack: 0x000000ee5de00000,0x000000ee5df00000] [id=26980]
  0x00000249d2936cc0 GCTaskThread "GC Thread#9" [stack: 0x000000ee5df00000,0x000000ee5e000000] [id=21768]
  0x00000249e7e94630 ConcurrentGCThread "G1 Main Marker" [stack: 0x000000ee5ba00000,0x000000ee5bb00000] [id=23120]
  0x00000249e7e94ee0 ConcurrentGCThread "G1 Conc#0" [stack: 0x000000ee5bb00000,0x000000ee5bc00000] [id=12700]
  0x00000249d24fd160 ConcurrentGCThread "G1 Conc#1" [stack: 0x000000ee5e700000,0x000000ee5e800000] [id=29532]
  0x00000249d24fd420 ConcurrentGCThread "G1 Conc#2" [stack: 0x000000ee5e800000,0x000000ee5e900000] [id=29184]
  0x00000249e7ed7b60 ConcurrentGCThread "G1 Refine#0" [stack: 0x000000ee5bc00000,0x000000ee5bd00000] [id=3460]
  0x000002498afb15a0 ConcurrentGCThread "G1 Service" [stack: 0x000000ee5bd00000,0x000000ee5be00000] [id=25808]

Threads with active compile tasks:
C2 CompilerThread0    39170 12576   !   4       org.gradle.internal.classloader.CachingClassLoader::loadClass (85 bytes)

VM state: not at safepoint (normal execution)

VM Mutex/Monitor currently owned by a thread: None

Heap address: 0x0000000700000000, size: 4096 MB, Compressed Oops mode: Zero based, Oop shift amount: 3

CDS archive(s) mapped at: [0x000002498c000000-0x000002498cbd0000-0x000002498cbd0000), size 12386304, SharedBaseAddress: 0x000002498c000000, ArchiveRelocationMode: 1.
Compressed class space mapped at: 0x000002498d000000-0x00000249cd000000, reserved size: 1073741824
Narrow klass base: 0x000002498c000000, Narrow klass shift: 0, Narrow klass range: 0x100000000

GC Precious Log:
 CPUs: 12 total, 12 available
 Memory: 5996M
 Large Page Support: Disabled
 NUMA Support: Disabled
 Compressed Oops: Enabled (Zero based)
 Heap Region Size: 2M
 Heap Min Capacity: 8M
 Heap Initial Capacity: 94M
 Heap Max Capacity: 4G
 Pre-touch: Disabled
 Parallel Workers: 10
 Concurrent Workers: 3
 Concurrent Refinement Workers: 10
 Periodic GC: Disabled

Heap:
 garbage-first heap   total 282624K, used 124765K [0x0000000700000000, 0x0000000800000000)
  region size 2048K, 11 young (22528K), 4 survivors (8192K)
 Metaspace       used 93314K, committed 94272K, reserved 1179648K
  class space    used 12574K, committed 12992K, reserved 1048576K

Heap Regions: E=young(eden), S=young(survivor), O=old, HS=humongous(starts), HC=humongous(continues), CS=collection set, F=free, OA=open archive, CA=closed archive, TAMS=top-at-mark-start (previous, next)
|   0|0x0000000700000000, 0x0000000700200000, 0x0000000700200000|100%| O|  |TAMS 0x0000000700200000, 0x0000000700000000| Untracked 
|   1|0x0000000700200000, 0x0000000700400000, 0x0000000700400000|100%| O|  |TAMS 0x0000000700400000, 0x0000000700200000| Untracked 
|   2|0x0000000700400000, 0x0000000700600000, 0x0000000700600000|100%|HS|  |TAMS 0x0000000700600000, 0x0000000700400000| Complete 
|   3|0x0000000700600000, 0x0000000700800000, 0x0000000700800000|100%|HC|  |TAMS 0x0000000700800000, 0x0000000700600000| Complete 
|   4|0x0000000700800000, 0x0000000700a00000, 0x0000000700a00000|100%| O|  |TAMS 0x0000000700a00000, 0x0000000700800000| Untracked 
|   5|0x0000000700a00000, 0x0000000700c00000, 0x0000000700c00000|100%| O|  |TAMS 0x0000000700c00000, 0x0000000700a00000| Untracked 
|   6|0x0000000700c00000, 0x0000000700e00000, 0x0000000700e00000|100%| O|  |TAMS 0x0000000700e00000, 0x0000000700c00000| Untracked 
|   7|0x0000000700e00000, 0x0000000701000000, 0x0000000701000000|100%| O|  |TAMS 0x0000000701000000, 0x0000000700e00000| Untracked 
|   8|0x0000000701000000, 0x0000000701200000, 0x0000000701200000|100%| O|  |TAMS 0x0000000701200000, 0x0000000701000000| Untracked 
|   9|0x0000000701200000, 0x0000000701400000, 0x0000000701400000|100%| O|  |TAMS 0x0000000701400000, 0x0000000701200000| Untracked 
|  10|0x0000000701400000, 0x0000000701600000, 0x0000000701600000|100%| O|  |TAMS 0x0000000701600000, 0x0000000701400000| Untracked 
|  11|0x0000000701600000, 0x0000000701800000, 0x0000000701800000|100%| O|  |TAMS 0x0000000701800000, 0x0000000701600000| Untracked 
|  12|0x0000000701800000, 0x0000000701a00000, 0x0000000701a00000|100%| O|  |TAMS 0x0000000701a00000, 0x0000000701800000| Untracked 
|  13|0x0000000701a00000, 0x0000000701c00000, 0x0000000701c00000|100%| O|  |TAMS 0x0000000701c00000, 0x0000000701a00000| Untracked 
|  14|0x0000000701c00000, 0x0000000701e00000, 0x0000000701e00000|100%| O|  |TAMS 0x0000000701e00000, 0x0000000701c00000| Untracked 
|  15|0x0000000701e00000, 0x0000000702000000, 0x0000000702000000|100%| O|  |TAMS 0x0000000702000000, 0x0000000701e00000| Untracked 
|  16|0x0000000702000000, 0x0000000702200000, 0x0000000702200000|100%| O|  |TAMS 0x0000000702200000, 0x0000000702000000| Untracked 
|  17|0x0000000702200000, 0x0000000702400000, 0x0000000702400000|100%| O|  |TAMS 0x0000000702400000, 0x0000000702200000| Untracked 
|  18|0x0000000702400000, 0x0000000702600000, 0x0000000702600000|100%| O|  |TAMS 0x0000000702600000, 0x0000000702400000| Untracked 
|  19|0x0000000702600000, 0x0000000702800000, 0x0000000702800000|100%|HS|  |TAMS 0x0000000702800000, 0x0000000702600000| Complete 
|  20|0x0000000702800000, 0x0000000702a00000, 0x0000000702a00000|100%|HS|  |TAMS 0x0000000702a00000, 0x0000000702800000| Complete 
|  21|0x0000000702a00000, 0x0000000702c00000, 0x0000000702c00000|100%|HC|  |TAMS 0x0000000702c00000, 0x0000000702a00000| Complete 
|  22|0x0000000702c00000, 0x0000000702e00000, 0x0000000702e00000|100%| O|  |TAMS 0x0000000702e00000, 0x0000000702c00000| Untracked 
|  23|0x0000000702e00000, 0x0000000703000000, 0x0000000703000000|100%| O|  |TAMS 0x0000000703000000, 0x0000000702e00000| Untracked 
|  24|0x0000000703000000, 0x0000000703200000, 0x0000000703200000|100%| O|  |TAMS 0x0000000703200000, 0x0000000703000000| Untracked 
|  25|0x0000000703200000, 0x0000000703400000, 0x0000000703400000|100%| O|  |TAMS 0x0000000703400000, 0x0000000703200000| Untracked 
|  26|0x0000000703400000, 0x0000000703600000, 0x0000000703600000|100%| O|  |TAMS 0x0000000703600000, 0x0000000703400000| Untracked 
|  27|0x0000000703600000, 0x0000000703800000, 0x0000000703800000|100%| O|  |TAMS 0x0000000703800000, 0x0000000703600000| Untracked 
|  28|0x0000000703800000, 0x0000000703a00000, 0x0000000703a00000|100%| O|  |TAMS 0x0000000703a00000, 0x0000000703800000| Untracked 
|  29|0x0000000703a00000, 0x0000000703c00000, 0x0000000703c00000|100%| O|  |TAMS 0x0000000703c00000, 0x0000000703a00000| Untracked 
|  30|0x0000000703c00000, 0x0000000703e00000, 0x0000000703e00000|100%| O|  |TAMS 0x0000000703e00000, 0x0000000703c00000| Untracked 
|  31|0x0000000703e00000, 0x0000000704000000, 0x0000000704000000|100%| O|  |TAMS 0x0000000704000000, 0x0000000703e00000| Untracked 
|  32|0x0000000704000000, 0x0000000704200000, 0x0000000704200000|100%| O|  |TAMS 0x0000000704200000, 0x0000000704000000| Untracked 
|  33|0x0000000704200000, 0x0000000704400000, 0x0000000704400000|100%| O|  |TAMS 0x0000000704200000, 0x0000000704200000| Untracked 
|  34|0x0000000704400000, 0x0000000704600000, 0x0000000704600000|100%| O|  |TAMS 0x0000000704400000, 0x0000000704400000| Untracked 
|  35|0x0000000704600000, 0x0000000704800000, 0x0000000704800000|100%| O|  |TAMS 0x0000000704683800, 0x0000000704600000| Untracked 
|  36|0x0000000704800000, 0x0000000704a00000, 0x0000000704a00000|100%| O|  |TAMS 0x0000000704800000, 0x0000000704800000| Untracked 
|  37|0x0000000704a00000, 0x0000000704c00000, 0x0000000704c00000|100%| O|  |TAMS 0x0000000704a00000, 0x0000000704a00000| Untracked 
|  38|0x0000000704c00000, 0x0000000704e00000, 0x0000000704e00000|100%| O|  |TAMS 0x0000000704c00000, 0x0000000704c00000| Untracked 
|  39|0x0000000704e00000, 0x0000000705000000, 0x0000000705000000|100%| O|  |TAMS 0x0000000704e00000, 0x0000000704e00000| Untracked 
|  40|0x0000000705000000, 0x0000000705200000, 0x0000000705200000|100%| O|  |TAMS 0x0000000705000000, 0x0000000705000000| Untracked 
|  41|0x0000000705200000, 0x0000000705400000, 0x0000000705400000|100%| O|  |TAMS 0x0000000705200000, 0x0000000705200000| Untracked 
|  42|0x0000000705400000, 0x0000000705600000, 0x0000000705600000|100%| O|  |TAMS 0x0000000705400000, 0x0000000705400000| Untracked 
|  43|0x0000000705600000, 0x0000000705800000, 0x0000000705800000|100%| O|  |TAMS 0x0000000705600000, 0x0000000705600000| Untracked 
|  44|0x0000000705800000, 0x0000000705a00000, 0x0000000705a00000|100%| O|  |TAMS 0x0000000705800000, 0x0000000705800000| Untracked 
|  45|0x0000000705a00000, 0x0000000705c00000, 0x0000000705c00000|100%| O|  |TAMS 0x0000000705a00000, 0x0000000705a00000| Untracked 
|  46|0x0000000705c00000, 0x0000000705e00000, 0x0000000705e00000|100%| O|  |TAMS 0x0000000705c00000, 0x0000000705c00000| Untracked 
|  47|0x0000000705e00000, 0x0000000706000000, 0x0000000706000000|100%| O|  |TAMS 0x0000000705e00000, 0x0000000705e00000| Untracked 
|  48|0x0000000706000000, 0x0000000706200000, 0x0000000706200000|100%| O|  |TAMS 0x0000000706000000, 0x0000000706000000| Untracked 
|  49|0x0000000706200000, 0x0000000706400000, 0x0000000706400000|100%| O|  |TAMS 0x0000000706200000, 0x0000000706200000| Untracked 
|  50|0x0000000706400000, 0x00000007065d7600, 0x0000000706600000| 92%| O|  |TAMS 0x0000000706400000, 0x0000000706400000| Untracked 
|  51|0x0000000706600000, 0x0000000706600000, 0x0000000706800000|  0%| F|  |TAMS 0x0000000706600000, 0x0000000706600000| Untracked 
|  52|0x0000000706800000, 0x0000000706800000, 0x0000000706a00000|  0%| F|  |TAMS 0x0000000706800000, 0x0000000706800000| Untracked 
|  53|0x0000000706a00000, 0x0000000706a00000, 0x0000000706c00000|  0%| F|  |TAMS 0x0000000706a00000, 0x0000000706a00000| Untracked 
|  54|0x0000000706c00000, 0x0000000706c00000, 0x0000000706e00000|  0%| F|  |TAMS 0x0000000706c00000, 0x0000000706c00000| Untracked 
|  55|0x0000000706e00000, 0x0000000706e00000, 0x0000000707000000|  0%| F|  |TAMS 0x0000000706e00000, 0x0000000706e00000| Untracked 
|  56|0x0000000707000000, 0x0000000707000000, 0x0000000707200000|  0%| F|  |TAMS 0x0000000707000000, 0x0000000707000000| Untracked 
|  57|0x0000000707200000, 0x0000000707200000, 0x0000000707400000|  0%| F|  |TAMS 0x0000000707200000, 0x0000000707200000| Untracked 
|  58|0x0000000707400000, 0x0000000707400000, 0x0000000707600000|  0%| F|  |TAMS 0x0000000707400000, 0x0000000707400000| Untracked 
|  59|0x0000000707600000, 0x0000000707600000, 0x0000000707800000|  0%| F|  |TAMS 0x0000000707600000, 0x0000000707600000| Untracked 
|  60|0x0000000707800000, 0x0000000707800000, 0x0000000707a00000|  0%| F|  |TAMS 0x0000000707800000, 0x0000000707800000| Untracked 
|  61|0x0000000707a00000, 0x0000000707a00000, 0x0000000707c00000|  0%| F|  |TAMS 0x0000000707a00000, 0x0000000707a00000| Untracked 
|  62|0x0000000707c00000, 0x0000000707c00000, 0x0000000707e00000|  0%| F|  |TAMS 0x0000000707c00000, 0x0000000707c00000| Untracked 
|  63|0x0000000707e00000, 0x0000000707e00000, 0x0000000708000000|  0%| F|  |TAMS 0x0000000707e00000, 0x0000000707e00000| Untracked 
|  64|0x0000000708000000, 0x0000000708000000, 0x0000000708200000|  0%| F|  |TAMS 0x0000000708000000, 0x0000000708000000| Untracked 
|  65|0x0000000708200000, 0x0000000708200000, 0x0000000708400000|  0%| F|  |TAMS 0x0000000708200000, 0x0000000708200000| Untracked 
|  66|0x0000000708400000, 0x0000000708400000, 0x0000000708600000|  0%| F|  |TAMS 0x0000000708400000, 0x0000000708400000| Untracked 
|  67|0x0000000708600000, 0x0000000708600000, 0x0000000708800000|  0%| F|  |TAMS 0x0000000708600000, 0x0000000708600000| Untracked 
|  68|0x0000000708800000, 0x0000000708800000, 0x0000000708a00000|  0%| F|  |TAMS 0x0000000708800000, 0x0000000708800000| Untracked 
|  69|0x0000000708a00000, 0x0000000708a00000, 0x0000000708c00000|  0%| F|  |TAMS 0x0000000708a00000, 0x0000000708a00000| Untracked 
|  70|0x0000000708c00000, 0x0000000708c00000, 0x0000000708e00000|  0%| F|  |TAMS 0x0000000708c00000, 0x0000000708c00000| Untracked 
|  71|0x0000000708e00000, 0x0000000708e00000, 0x0000000709000000|  0%| F|  |TAMS 0x0000000708e00000, 0x0000000708e00000| Untracked 
|  72|0x0000000709000000, 0x0000000709000000, 0x0000000709200000|  0%| F|  |TAMS 0x0000000709000000, 0x0000000709000000| Untracked 
|  73|0x0000000709200000, 0x0000000709200000, 0x0000000709400000|  0%| F|  |TAMS 0x0000000709200000, 0x0000000709200000| Untracked 
|  74|0x0000000709400000, 0x0000000709400000, 0x0000000709600000|  0%| F|  |TAMS 0x0000000709400000, 0x0000000709400000| Untracked 
|  75|0x0000000709600000, 0x0000000709600000, 0x0000000709800000|  0%| F|  |TAMS 0x0000000709600000, 0x0000000709600000| Untracked 
|  76|0x0000000709800000, 0x0000000709800000, 0x0000000709a00000|  0%| F|  |TAMS 0x0000000709800000, 0x0000000709800000| Untracked 
|  77|0x0000000709a00000, 0x0000000709a00000, 0x0000000709c00000|  0%| F|  |TAMS 0x0000000709a00000, 0x0000000709a00000| Untracked 
|  78|0x0000000709c00000, 0x0000000709c00000, 0x0000000709e00000|  0%| F|  |TAMS 0x0000000709c00000, 0x0000000709c00000| Untracked 
|  79|0x0000000709e00000, 0x0000000709e00000, 0x000000070a000000|  0%| F|  |TAMS 0x0000000709e00000, 0x0000000709e00000| Untracked 
|  80|0x000000070a000000, 0x000000070a000000, 0x000000070a200000|  0%| F|  |TAMS 0x000000070a000000, 0x000000070a000000| Untracked 
|  81|0x000000070a200000, 0x000000070a400000, 0x000000070a400000|100%| S|CS|TAMS 0x000000070a200000, 0x000000070a200000| Complete 
|  82|0x000000070a400000, 0x000000070a600000, 0x000000070a600000|100%| S|CS|TAMS 0x000000070a400000, 0x000000070a400000| Complete 
|  83|0x000000070a600000, 0x000000070a800000, 0x000000070a800000|100%| S|CS|TAMS 0x000000070a600000, 0x000000070a600000| Complete 
|  84|0x000000070a800000, 0x000000070aa00000, 0x000000070aa00000|100%| S|CS|TAMS 0x000000070a800000, 0x000000070a800000| Complete 
|  85|0x000000070aa00000, 0x000000070aa00000, 0x000000070ac00000|  0%| F|  |TAMS 0x000000070aa00000, 0x000000070aa00000| Untracked 
|  86|0x000000070ac00000, 0x000000070ac00000, 0x000000070ae00000|  0%| F|  |TAMS 0x000000070ac00000, 0x000000070ac00000| Untracked 
|  87|0x000000070ae00000, 0x000000070ae00000, 0x000000070b000000|  0%| F|  |TAMS 0x000000070ae00000, 0x000000070ae00000| Untracked 
|  88|0x000000070b000000, 0x000000070b000000, 0x000000070b200000|  0%| F|  |TAMS 0x000000070b000000, 0x000000070b000000| Untracked 
|  89|0x000000070b200000, 0x000000070b200000, 0x000000070b400000|  0%| F|  |TAMS 0x000000070b200000, 0x000000070b200000| Untracked 
|  90|0x000000070b400000, 0x000000070b400000, 0x000000070b600000|  0%| F|  |TAMS 0x000000070b400000, 0x000000070b400000| Untracked 
|  91|0x000000070b600000, 0x000000070b600000, 0x000000070b800000|  0%| F|  |TAMS 0x000000070b600000, 0x000000070b600000| Untracked 
|  92|0x000000070b800000, 0x000000070b800000, 0x000000070ba00000|  0%| F|  |TAMS 0x000000070b800000, 0x000000070b800000| Untracked 
|  93|0x000000070ba00000, 0x000000070ba00000, 0x000000070bc00000|  0%| F|  |TAMS 0x000000070ba00000, 0x000000070ba00000| Untracked 
|  94|0x000000070bc00000, 0x000000070bc00000, 0x000000070be00000|  0%| F|  |TAMS 0x000000070bc00000, 0x000000070bc00000| Untracked 
|  95|0x000000070be00000, 0x000000070be00000, 0x000000070c000000|  0%| F|  |TAMS 0x000000070be00000, 0x000000070be00000| Untracked 
|  96|0x000000070c000000, 0x000000070c000000, 0x000000070c200000|  0%| F|  |TAMS 0x000000070c000000, 0x000000070c000000| Untracked 
|  97|0x000000070c200000, 0x000000070c200000, 0x000000070c400000|  0%| F|  |TAMS 0x000000070c200000, 0x000000070c200000| Untracked 
|  98|0x000000070c400000, 0x000000070c400000, 0x000000070c600000|  0%| F|  |TAMS 0x000000070c400000, 0x000000070c400000| Untracked 
|  99|0x000000070c600000, 0x000000070c600000, 0x000000070c800000|  0%| F|  |TAMS 0x000000070c600000, 0x000000070c600000| Untracked 
| 100|0x000000070c800000, 0x000000070c800000, 0x000000070ca00000|  0%| F|  |TAMS 0x000000070c800000, 0x000000070c800000| Untracked 
| 101|0x000000070ca00000, 0x000000070ca00000, 0x000000070cc00000|  0%| F|  |TAMS 0x000000070ca00000, 0x000000070ca00000| Untracked 
| 102|0x000000070cc00000, 0x000000070cc00000, 0x000000070ce00000|  0%| F|  |TAMS 0x000000070cc00000, 0x000000070cc00000| Untracked 
| 103|0x000000070ce00000, 0x000000070ce00000, 0x000000070d000000|  0%| F|  |TAMS 0x000000070ce00000, 0x000000070ce00000| Untracked 
| 104|0x000000070d000000, 0x000000070d000000, 0x000000070d200000|  0%| F|  |TAMS 0x000000070d000000, 0x000000070d000000| Untracked 
| 105|0x000000070d200000, 0x000000070d200000, 0x000000070d400000|  0%| F|  |TAMS 0x000000070d200000, 0x000000070d200000| Untracked 
| 106|0x000000070d400000, 0x000000070d400000, 0x000000070d600000|  0%| F|  |TAMS 0x000000070d400000, 0x000000070d400000| Untracked 
| 107|0x000000070d600000, 0x000000070d600000, 0x000000070d800000|  0%| F|  |TAMS 0x000000070d600000, 0x000000070d600000| Untracked 
| 108|0x000000070d800000, 0x000000070d800000, 0x000000070da00000|  0%| F|  |TAMS 0x000000070d800000, 0x000000070d800000| Untracked 
| 109|0x000000070da00000, 0x000000070da00000, 0x000000070dc00000|  0%| F|  |TAMS 0x000000070da00000, 0x000000070da00000| Untracked 
| 110|0x000000070dc00000, 0x000000070dc00000, 0x000000070de00000|  0%| F|  |TAMS 0x000000070dc00000, 0x000000070dc00000| Untracked 
| 111|0x000000070de00000, 0x000000070de00000, 0x000000070e000000|  0%| F|  |TAMS 0x000000070de00000, 0x000000070de00000| Untracked 
| 112|0x000000070e000000, 0x000000070e000000, 0x000000070e200000|  0%| F|  |TAMS 0x000000070e000000, 0x000000070e000000| Untracked 
| 113|0x000000070e200000, 0x000000070e200000, 0x000000070e400000|  0%| F|  |TAMS 0x000000070e200000, 0x000000070e200000| Untracked 
| 114|0x000000070e400000, 0x000000070e400000, 0x000000070e600000|  0%| F|  |TAMS 0x000000070e400000, 0x000000070e400000| Untracked 
| 115|0x000000070e600000, 0x000000070e600000, 0x000000070e800000|  0%| F|  |TAMS 0x000000070e600000, 0x000000070e600000| Untracked 
| 116|0x000000070e800000, 0x000000070e800000, 0x000000070ea00000|  0%| F|  |TAMS 0x000000070e800000, 0x000000070e800000| Untracked 
| 117|0x000000070ea00000, 0x000000070ea00000, 0x000000070ec00000|  0%| F|  |TAMS 0x000000070ea00000, 0x000000070ea00000| Untracked 
| 118|0x000000070ec00000, 0x000000070ec00000, 0x000000070ee00000|  0%| F|  |TAMS 0x000000070ec00000, 0x000000070ec00000| Untracked 
| 119|0x000000070ee00000, 0x000000070ee00000, 0x000000070f000000|  0%| F|  |TAMS 0x000000070ee00000, 0x000000070ee00000| Untracked 
| 120|0x000000070f000000, 0x000000070f000000, 0x000000070f200000|  0%| F|  |TAMS 0x000000070f000000, 0x000000070f000000| Untracked 
| 121|0x000000070f200000, 0x000000070f200000, 0x000000070f400000|  0%| F|  |TAMS 0x000000070f200000, 0x000000070f200000| Untracked 
| 122|0x000000070f400000, 0x000000070f400000, 0x000000070f600000|  0%| F|  |TAMS 0x000000070f400000, 0x000000070f400000| Untracked 
| 123|0x000000070f600000, 0x000000070f600000, 0x000000070f800000|  0%| F|  |TAMS 0x000000070f600000, 0x000000070f600000| Untracked 
| 124|0x000000070f800000, 0x000000070f800000, 0x000000070fa00000|  0%| F|  |TAMS 0x000000070f800000, 0x000000070f800000| Untracked 
| 125|0x000000070fa00000, 0x000000070fa00000, 0x000000070fc00000|  0%| F|  |TAMS 0x000000070fa00000, 0x000000070fa00000| Untracked 
| 126|0x000000070fc00000, 0x000000070fc00000, 0x000000070fe00000|  0%| F|  |TAMS 0x000000070fc00000, 0x000000070fc00000| Untracked 
| 127|0x000000070fe00000, 0x000000070fe00000, 0x0000000710000000|  0%| F|  |TAMS 0x000000070fe00000, 0x000000070fe00000| Untracked 
| 128|0x0000000710000000, 0x0000000710000000, 0x0000000710200000|  0%| F|  |TAMS 0x0000000710000000, 0x0000000710000000| Untracked 
| 129|0x0000000710200000, 0x0000000710200000, 0x0000000710400000|  0%| F|  |TAMS 0x0000000710200000, 0x0000000710200000| Untracked 
| 130|0x0000000710400000, 0x0000000710400000, 0x0000000710600000|  0%| F|  |TAMS 0x0000000710400000, 0x0000000710400000| Untracked 
| 131|0x0000000710600000, 0x0000000710703828, 0x0000000710800000| 50%| E|  |TAMS 0x0000000710600000, 0x0000000710600000| Complete 
| 132|0x0000000710800000, 0x0000000710a00000, 0x0000000710a00000|100%| E|CS|TAMS 0x0000000710800000, 0x0000000710800000| Complete 
| 133|0x0000000710a00000, 0x0000000710c00000, 0x0000000710c00000|100%| E|CS|TAMS 0x0000000710a00000, 0x0000000710a00000| Complete 
| 134|0x0000000710c00000, 0x0000000710e00000, 0x0000000710e00000|100%| E|CS|TAMS 0x0000000710c00000, 0x0000000710c00000| Complete 
| 135|0x0000000710e00000, 0x0000000711000000, 0x0000000711000000|100%| E|CS|TAMS 0x0000000710e00000, 0x0000000710e00000| Complete 
| 136|0x0000000711000000, 0x0000000711200000, 0x0000000711200000|100%| E|CS|TAMS 0x0000000711000000, 0x0000000711000000| Complete 
| 137|0x0000000711200000, 0x0000000711400000, 0x0000000711400000|100%| E|CS|TAMS 0x0000000711200000, 0x0000000711200000| Complete 

Card table byte_map: [0x00000249ff400000,0x00000249ffc00000] _byte_map_base: 0x00000249fbc00000

Marking Bits (Prev, Next): (CMBitMap*) 0x00000249e7e83d40, (CMBitMap*) 0x00000249e7e83d00
 Prev Bits: [0x0000024984800000, 0x0000024988800000)
 Next Bits: [0x0000024980800000, 0x0000024984800000)

Polling page: 0x00000249e5bb0000

Metaspace:

Usage:
  Non-class:     78.85 MB used.
      Class:     12.28 MB used.
       Both:     91.13 MB used.

Virtual space:
  Non-class space:      128.00 MB reserved,      79.38 MB ( 62%) committed,  2 nodes.
      Class space:        1.00 GB reserved,      12.69 MB (  1%) committed,  1 nodes.
             Both:        1.12 GB reserved,      92.06 MB (  8%) committed. 

Chunk freelists:
   Non-Class:  80.00 KB
       Class:  3.25 MB
        Both:  3.33 MB

MaxMetaspaceSize: unlimited
CompressedClassSpaceSize: 1.00 GB
Initial GC threshold: 21.00 MB
Current GC threshold: 113.88 MB
CDS: on
MetaspaceReclaimPolicy: balanced
 - commit_granule_bytes: 65536.
 - commit_granule_words: 8192.
 - virtual_space_node_default_size: 8388608.
 - enlarge_chunks_in_place: 1.
 - new_chunks_are_fully_committed: 0.
 - uncommit_free_chunks: 1.
 - use_allocation_guard: 0.
 - handle_deallocations: 1.


Internal statistics:

num_allocs_failed_limit: 12.
num_arena_births: 1142.
num_arena_deaths: 0.
num_vsnodes_births: 3.
num_vsnodes_deaths: 0.
num_space_committed: 1473.
num_space_uncommitted: 0.
num_chunks_returned_to_freelist: 12.
num_chunks_taken_from_freelist: 5082.
num_chunk_merges: 9.
num_chunk_splits: 3356.
num_chunks_enlarged: 2219.
num_inconsistent_stats: 0.

CodeHeap 'non-profiled nmethods': size=120000Kb used=6503Kb max_used=6503Kb free=113496Kb
 bounds [0x00000249f7180000, 0x00000249f77e0000, 0x00000249fe6b0000]
CodeHeap 'profiled nmethods': size=120000Kb used=21431Kb max_used=21431Kb free=98568Kb
 bounds [0x00000249ef6b0000, 0x00000249f0ba0000, 0x00000249f6be0000]
CodeHeap 'non-nmethods': size=5760Kb used=2403Kb max_used=2497Kb free=3356Kb
 bounds [0x00000249f6be0000, 0x00000249f6e60000, 0x00000249f7180000]
 total_blobs=11759 nmethods=10819 adapters=852
 compilation: enabled
              stopped_count=0, restarted_count=0
 full_count=0

Compilation events (20 events):
Event: 38.958 Thread 0x000002498b119bb0 nmethod 12568 0x00000249f0b95f10 code [0x00000249f0b961a0, 0x00000249f0b96bc8]
Event: 38.958 Thread 0x000002498b119bb0 12569       3       org.gradle.internal.instantiation.generator.AsmBackedClassGenerator$ClassBuilderImpl::access$5400 (4 bytes)
Event: 38.958 Thread 0x000002498b119bb0 nmethod 12569 0x00000249f00fe910 code [0x00000249f00feaa0, 0x00000249f00feb98]
Event: 38.960 Thread 0x000002498b119bb0 12570       3       org.gradle.api.internal.provider.DefaultProperty::unpackState (5 bytes)
Event: 38.960 Thread 0x000002498b119bb0 nmethod 12570 0x00000249f0b97010 code [0x00000249f0b971c0, 0x00000249f0b97558]
Event: 38.960 Thread 0x000002498b119bb0 12571       3       org.gradle.api.internal.provider.DefaultProperty::getProvider (8 bytes)
Event: 38.960 Thread 0x000002498b119bb0 nmethod 12571 0x00000249f0b97610 code [0x00000249f0b977a0, 0x00000249f0b97a58]
Event: 38.960 Thread 0x000002498b119bb0 12572       3       org.gradle.internal.snapshot.impl.DefaultIsolatableFactory$IsolatableVisitor::stringValue (6 bytes)
Event: 38.960 Thread 0x000002498b119bb0 nmethod 12572 0x00000249f0b97b10 code [0x00000249f0b97ce0, 0x00000249f0b98098]
Event: 38.960 Thread 0x000002498b119bb0 12573       3       org.gradle.api.internal.provider.AbstractMinimalProvider::unpackState (5 bytes)
Event: 38.960 Thread 0x000002498b1184d0 12575       4       org.gradle.internal.service.DefaultServiceRegistry$OwnServices::putServiceType (48 bytes)
Event: 38.960 Thread 0x000002498b119bb0 nmethod 12573 0x00000249f0b98210 code [0x00000249f0b983c0, 0x00000249f0b98738]
Event: 38.960 Thread 0x000002498b119bb0 12574       3       org.gradle.api.internal.provider.DefaultProperty::getFactoryId (4 bytes)
Event: 38.960 Thread 0x000002498b119bb0 nmethod 12574 0x00000249f0b98890 code [0x00000249f0b98a20, 0x00000249f0b98b38]
Event: 38.982 Thread 0x000002498b119bb0 12579       3       org.gradle.internal.instantiation.generator.AbstractClassGenerator$AbstractInjectedPropertyHandler::applyTo (19 bytes)
Event: 38.982 Thread 0x000002498b119bb0 nmethod 12579 0x00000249f0b98c10 code [0x00000249f0b98dc0, 0x00000249f0b99088]
Event: 38.990 Thread 0x000002498b1184d0 nmethod 12575 0x00000249f77d7d10 code [0x00000249f77d7f60, 0x00000249f77d94b0]
Event: 38.990 Thread 0x000002498b1184d0 12576   !   4       org.gradle.internal.classloader.CachingClassLoader::loadClass (85 bytes)
Event: 39.050 Thread 0x000002498b119bb0 12580       3       kotlin.jvm.internal.PropertyReference::<init> (23 bytes)
Event: 39.051 Thread 0x000002498b119bb0 nmethod 12580 0x00000249f0b99210 code [0x00000249f0b993c0, 0x00000249f0b99778]

GC Heap History (20 events):
Event: 26.277 GC heap before
{Heap before GC invocations=20 (full 0):
 garbage-first heap   total 122880K, used 96444K [0x0000000700000000, 0x0000000800000000)
  region size 2048K, 14 young (28672K), 1 survivors (2048K)
 Metaspace       used 65351K, committed 65984K, reserved 1114112K
  class space    used 9028K, committed 9344K, reserved 1048576K
}
Event: 26.280 GC heap after
{Heap after GC invocations=21 (full 0):
 garbage-first heap   total 122880K, used 71107K [0x0000000700000000, 0x0000000800000000)
  region size 2048K, 2 young (4096K), 2 survivors (4096K)
 Metaspace       used 65351K, committed 65984K, reserved 1114112K
  class space    used 9028K, committed 9344K, reserved 1048576K
}
Event: 27.274 GC heap before
{Heap before GC invocations=22 (full 0):
 garbage-first heap   total 126976K, used 95683K [0x0000000700000000, 0x0000000800000000)
  region size 2048K, 14 young (28672K), 2 survivors (4096K)
 Metaspace       used 67219K, committed 67840K, reserved 1114112K
  class space    used 9256K, committed 9536K, reserved 1048576K
}
Event: 27.313 GC heap after
{Heap after GC invocations=23 (full 0):
 garbage-first heap   total 126976K, used 71744K [0x0000000700000000, 0x0000000800000000)
  region size 2048K, 2 young (4096K), 2 survivors (4096K)
 Metaspace       used 67219K, committed 67840K, reserved 1114112K
  class space    used 9256K, committed 9536K, reserved 1048576K
}
Event: 27.466 GC heap before
{Heap before GC invocations=23 (full 0):
 garbage-first heap   total 126976K, used 73792K [0x0000000700000000, 0x0000000800000000)
  region size 2048K, 3 young (6144K), 2 survivors (4096K)
 Metaspace       used 67680K, committed 68352K, reserved 1114112K
  class space    used 9300K, committed 9600K, reserved 1048576K
}
Event: 27.469 GC heap after
{Heap after GC invocations=24 (full 0):
 garbage-first heap   total 126976K, used 70614K [0x0000000700000000, 0x0000000800000000)
  region size 2048K, 1 young (2048K), 1 survivors (2048K)
 Metaspace       used 67680K, committed 68352K, reserved 1114112K
  class space    used 9300K, committed 9600K, reserved 1048576K
}
Event: 27.891 GC heap before
{Heap before GC invocations=24 (full 0):
 garbage-first heap   total 126976K, used 99286K [0x0000000700000000, 0x0000000800000000)
  region size 2048K, 15 young (30720K), 1 survivors (2048K)
 Metaspace       used 69332K, committed 69888K, reserved 1114112K
  class space    used 9524K, committed 9792K, reserved 1048576K
}
Event: 27.896 GC heap after
{Heap after GC invocations=25 (full 0):
 garbage-first heap   total 126976K, used 71863K [0x0000000700000000, 0x0000000800000000)
  region size 2048K, 1 young (2048K), 1 survivors (2048K)
 Metaspace       used 69332K, committed 69888K, reserved 1114112K
  class space    used 9524K, committed 9792K, reserved 1048576K
}
Event: 28.299 GC heap before
{Heap before GC invocations=26 (full 0):
 garbage-first heap   total 126976K, used 100535K [0x0000000700000000, 0x0000000800000000)
  region size 2048K, 15 young (30720K), 1 survivors (2048K)
 Metaspace       used 69699K, committed 70400K, reserved 1114112K
  class space    used 9590K, committed 9920K, reserved 1048576K
}
Event: 28.303 GC heap after
{Heap after GC invocations=27 (full 0):
 garbage-first heap   total 126976K, used 74293K [0x0000000700000000, 0x0000000800000000)
  region size 2048K, 2 young (4096K), 2 survivors (4096K)
 Metaspace       used 69699K, committed 70400K, reserved 1114112K
  class space    used 9590K, committed 9920K, reserved 1048576K
}
Event: 28.307 GC heap before
{Heap before GC invocations=27 (full 0):
 garbage-first heap   total 126976K, used 76341K [0x0000000700000000, 0x0000000800000000)
  region size 2048K, 3 young (6144K), 2 survivors (4096K)
 Metaspace       used 69699K, committed 70400K, reserved 1114112K
  class space    used 9590K, committed 9920K, reserved 1048576K
}
Event: 28.314 GC heap after
{Heap after GC invocations=28 (full 0):
 garbage-first heap   total 126976K, used 73915K [0x0000000700000000, 0x0000000800000000)
  region size 2048K, 1 young (2048K), 1 survivors (2048K)
 Metaspace       used 69699K, committed 70400K, reserved 1114112K
  class space    used 9590K, committed 9920K, reserved 1048576K
}
Event: 28.645 GC heap before
{Heap before GC invocations=28 (full 0):
 garbage-first heap   total 126976K, used 100539K [0x0000000700000000, 0x0000000800000000)
  region size 2048K, 14 young (28672K), 1 survivors (2048K)
 Metaspace       used 69801K, committed 70464K, reserved 1114112K
  class space    used 9602K, committed 9920K, reserved 1048576K
}
Event: 28.651 GC heap after
{Heap after GC invocations=29 (full 0):
 garbage-first heap   total 282624K, used 75104K [0x0000000700000000, 0x0000000800000000)
  region size 2048K, 1 young (2048K), 1 survivors (2048K)
 Metaspace       used 69801K, committed 70464K, reserved 1114112K
  class space    used 9602K, committed 9920K, reserved 1048576K
}
Event: 31.347 GC heap before
{Heap before GC invocations=29 (full 0):
 garbage-first heap   total 282624K, used 212320K [0x0000000700000000, 0x0000000800000000)
  region size 2048K, 68 young (139264K), 1 survivors (2048K)
 Metaspace       used 77422K, committed 78144K, reserved 1179648K
  class space    used 10802K, committed 11136K, reserved 1048576K
}
Event: 31.365 GC heap after
{Heap after GC invocations=30 (full 0):
 garbage-first heap   total 282624K, used 86216K [0x0000000700000000, 0x0000000800000000)
  region size 2048K, 7 young (14336K), 7 survivors (14336K)
 Metaspace       used 77422K, committed 78144K, reserved 1179648K
  class space    used 10802K, committed 11136K, reserved 1048576K
}
Event: 35.418 GC heap before
{Heap before GC invocations=30 (full 0):
 garbage-first heap   total 282624K, used 213192K [0x0000000700000000, 0x0000000800000000)
  region size 2048K, 69 young (141312K), 7 survivors (14336K)
 Metaspace       used 85178K, committed 86080K, reserved 1179648K
  class space    used 11603K, committed 12032K, reserved 1048576K
}
Event: 35.441 GC heap after
{Heap after GC invocations=31 (full 0):
 garbage-first heap   total 282624K, used 105059K [0x0000000700000000, 0x0000000800000000)
  region size 2048K, 9 young (18432K), 9 survivors (18432K)
 Metaspace       used 85178K, committed 86080K, reserved 1179648K
  class space    used 11603K, committed 12032K, reserved 1048576K
}
Event: 38.720 GC heap before
{Heap before GC invocations=31 (full 0):
 garbage-first heap   total 282624K, used 211555K [0x0000000700000000, 0x0000000800000000)
  region size 2048K, 62 young (126976K), 9 survivors (18432K)
 Metaspace       used 90289K, committed 91264K, reserved 1179648K
  class space    used 12252K, committed 12672K, reserved 1048576K
}
Event: 38.785 GC heap after
{Heap after GC invocations=32 (full 0):
 garbage-first heap   total 282624K, used 112477K [0x0000000700000000, 0x0000000800000000)
  region size 2048K, 4 young (8192K), 4 survivors (8192K)
 Metaspace       used 90289K, committed 91264K, reserved 1179648K
  class space    used 12252K, committed 12672K, reserved 1048576K
}

Deoptimization events (20 events):
Event: 38.785 Thread 0x000002498b3cdf40 Uncommon trap: trap_request=0xffffffde fr.pc=0x00000249f74536d4 relative=0x00000000000004b4
Event: 38.785 Thread 0x000002498b3cdf40 Uncommon trap: reason=class_check action=maybe_recompile pc=0x00000249f74536d4 method=jdk.internal.ref.PhantomCleanable.clean()V @ 12 c2
Event: 38.786 Thread 0x000002498b3cdf40 DEOPT PACKING pc=0x00000249f74536d4 sp=0x000000ee5c8ff4d0
Event: 38.786 Thread 0x000002498b3cdf40 DEOPT UNPACKING pc=0x00000249f6c323a3 sp=0x000000ee5c8ff4b0 mode 2
Event: 38.889 Thread 0x00000249d1cab060 DEOPT PACKING pc=0x00000249f02f9146 sp=0x000000ee5d5f0580
Event: 38.889 Thread 0x00000249d1cab060 DEOPT UNPACKING pc=0x00000249f6c32b43 sp=0x000000ee5d5efa30 mode 0
Event: 38.889 Thread 0x00000249d1cab060 DEOPT PACKING pc=0x00000249f02f9146 sp=0x000000ee5d5f0580
Event: 38.889 Thread 0x00000249d1cab060 DEOPT UNPACKING pc=0x00000249f6c32b43 sp=0x000000ee5d5efa30 mode 0
Event: 38.889 Thread 0x00000249d1cab060 DEOPT PACKING pc=0x00000249f02f9146 sp=0x000000ee5d5f0580
Event: 38.889 Thread 0x00000249d1cab060 DEOPT UNPACKING pc=0x00000249f6c32b43 sp=0x000000ee5d5efa30 mode 0
Event: 38.889 Thread 0x00000249d1cab060 DEOPT PACKING pc=0x00000249f02f9146 sp=0x000000ee5d5f0580
Event: 38.889 Thread 0x00000249d1cab060 DEOPT UNPACKING pc=0x00000249f6c32b43 sp=0x000000ee5d5efa30 mode 0
Event: 38.889 Thread 0x00000249d1cab060 DEOPT PACKING pc=0x00000249f02f9146 sp=0x000000ee5d5f0580
Event: 38.889 Thread 0x00000249d1cab060 DEOPT UNPACKING pc=0x00000249f6c32b43 sp=0x000000ee5d5efa30 mode 0
Event: 38.889 Thread 0x00000249d1cab060 DEOPT PACKING pc=0x00000249f02f9146 sp=0x000000ee5d5f0580
Event: 38.889 Thread 0x00000249d1cab060 DEOPT UNPACKING pc=0x00000249f6c32b43 sp=0x000000ee5d5efa30 mode 0
Event: 38.939 Thread 0x00000249d1cab060 Uncommon trap: trap_request=0xffffff45 fr.pc=0x00000249f778d410 relative=0x00000000000008b0
Event: 38.939 Thread 0x00000249d1cab060 Uncommon trap: reason=unstable_if action=reinterpret pc=0x00000249f778d410 method=java.lang.ThreadLocal$ThreadLocalMap.getEntryAfterMiss(Ljava/lang/ThreadLocal;ILjava/lang/ThreadLocal$ThreadLocalMap$Entry;)Ljava/lang/ThreadLocal$ThreadLocalMap$Entry; @ 30
Event: 38.939 Thread 0x00000249d1cab060 DEOPT PACKING pc=0x00000249f778d410 sp=0x000000ee5d5f2880
Event: 38.939 Thread 0x00000249d1cab060 DEOPT UNPACKING pc=0x00000249f6c323a3 sp=0x000000ee5d5f2758 mode 2

Classes unloaded (0 events):
No events

Classes redefined (0 events):
No events

Internal exceptions (20 events):
Event: 35.747 Thread 0x00000249d1cab060 Exception <a 'java/lang/ClassNotFoundException'{0x0000000710c35da8}: eclipsePlugin_axcxlpxlhmvlurn4fbn507vf4Customizer> (0x0000000710c35da8) 
thrown [s\open\src\hotspot\share\classfile\systemDictionary.cpp, line 256]
Event: 36.887 Thread 0x00000249d1cab060 Exception <a 'java/lang/ClassNotFoundException'{0x000000070f510880}: java/util/ArraysBeanInfo> (0x000000070f510880) 
thrown [s\open\src\hotspot\share\classfile\systemDictionary.cpp, line 256]
Event: 36.887 Thread 0x00000249d1cab060 Exception <a 'java/lang/ClassNotFoundException'{0x000000070f519f90}: java/util/ArraysCustomizer> (0x000000070f519f90) 
thrown [s\open\src\hotspot\share\classfile\systemDictionary.cpp, line 256]
Event: 36.891 Thread 0x00000249d1cab060 Exception <a 'java/lang/ClassNotFoundException'{0x000000070f5c1c80}: ProtobufPatchPluginBeanInfo> (0x000000070f5c1c80) 
thrown [s\open\src\hotspot\share\classfile\systemDictionary.cpp, line 256]
Event: 36.892 Thread 0x00000249d1cab060 Exception <a 'java/lang/ClassNotFoundException'{0x000000070f5cee08}: ProtobufPatchPluginCustomizer> (0x000000070f5cee08) 
thrown [s\open\src\hotspot\share\classfile\systemDictionary.cpp, line 256]
Event: 37.123 Thread 0x00000249d49f1f90 Exception <a 'java/lang/NoSuchMethodError'{0x000000070ed62888}: 'void java.lang.invoke.DirectMethodHandle$Holder.invokeVirtual(java.lang.Object, java.lang.Object)'> (0x000000070ed62888) 
thrown [s\open\src\hotspot\share\interpreter\linkResolver.cpp, line 759]
Event: 37.222 Thread 0x00000249d49f4300 Exception <a 'java/lang/NoSuchMethodError'{0x000000070ebbf100}: static [Ljava/lang/Object;.<clinit>()V> (0x000000070ebbf100) 
thrown [s\open\src\hotspot\share\prims\jni.cpp, line 1107]
Event: 37.865 Thread 0x00000249d3fde5b0 Exception <a 'sun/nio/fs/WindowsException'{0x000000070cdcd7d8}> (0x000000070cdcd7d8) 
thrown [s\open\src\hotspot\share\prims\jni.cpp, line 516]
Event: 37.925 Thread 0x00000249d3fde5b0 Exception <a 'sun/nio/fs/WindowsException'{0x000000070c4e1558}> (0x000000070c4e1558) 
thrown [s\open\src\hotspot\share\prims\jni.cpp, line 516]
Event: 37.926 Thread 0x00000249d3fde5b0 Exception <a 'sun/nio/fs/WindowsException'{0x000000070c4e1788}> (0x000000070c4e1788) 
thrown [s\open\src\hotspot\share\prims\jni.cpp, line 516]
Event: 38.034 Thread 0x00000249d1cab060 Exception <a 'java/lang/ClassNotFoundException'{0x000000070c174768}: FlutterAppPluginLoaderPluginBeanInfo> (0x000000070c174768) 
thrown [s\open\src\hotspot\share\classfile\systemDictionary.cpp, line 256]
Event: 38.034 Thread 0x00000249d1cab060 Exception <a 'java/lang/ClassNotFoundException'{0x000000070c17b438}: FlutterAppPluginLoaderPluginCustomizer> (0x000000070c17b438) 
thrown [s\open\src\hotspot\share\classfile\systemDictionary.cpp, line 256]
Event: 38.056 Thread 0x00000249d1cab060 Exception <a 'java/lang/ClassNotFoundException'{0x000000070be0b880}: settings_au0c8tgzmw2c5b0b00b7z6fweBeanInfo> (0x000000070be0b880) 
thrown [s\open\src\hotspot\share\classfile\systemDictionary.cpp, line 256]
Event: 38.056 Thread 0x00000249d1cab060 Exception <a 'java/lang/ClassNotFoundException'{0x000000070be120b8}: settings_au0c8tgzmw2c5b0b00b7z6fweCustomizer> (0x000000070be120b8) 
thrown [s\open\src\hotspot\share\classfile\systemDictionary.cpp, line 256]
Event: 38.101 Thread 0x00000249d1cab060 Exception <a 'java/lang/ClassNotFoundException'{0x000000070bfd95f8}: build_6ju1e5qhw1jnvry10z38kpq27BeanInfo> (0x000000070bfd95f8) 
thrown [s\open\src\hotspot\share\classfile\systemDictionary.cpp, line 256]
Event: 38.101 Thread 0x00000249d1cab060 Exception <a 'java/lang/ClassNotFoundException'{0x000000070bfdfe18}: build_6ju1e5qhw1jnvry10z38kpq27Customizer> (0x000000070bfdfe18) 
thrown [s\open\src\hotspot\share\classfile\systemDictionary.cpp, line 256]
Event: 38.188 Thread 0x00000249d1cab060 Exception <a 'java/lang/ClassNotFoundException'{0x000000070bad87d8}: build_6ju1e5qhw1jnvry10z38kpq27BeanInfo> (0x000000070bad87d8) 
thrown [s\open\src\hotspot\share\classfile\systemDictionary.cpp, line 256]
Event: 38.189 Thread 0x00000249d1cab060 Exception <a 'java/lang/ClassNotFoundException'{0x000000070badeff8}: build_6ju1e5qhw1jnvry10z38kpq27Customizer> (0x000000070badeff8) 
thrown [s\open\src\hotspot\share\classfile\systemDictionary.cpp, line 256]
Event: 38.214 Thread 0x00000249d1cab060 Exception <a 'java/lang/ClassNotFoundException'{0x000000070b961d68}: build_45318go4n5exnlvjwr2cgsh9eBeanInfo> (0x000000070b961d68) 
thrown [s\open\src\hotspot\share\classfile\systemDictionary.cpp, line 256]
Event: 38.215 Thread 0x00000249d1cab060 Exception <a 'java/lang/ClassNotFoundException'{0x000000070b96ba08}: build_45318go4n5exnlvjwr2cgsh9eCustomizer> (0x000000070b96ba08) 
thrown [s\open\src\hotspot\share\classfile\systemDictionary.cpp, line 256]

VM Operations (20 events):
Event: 37.211 Executing VM operation: HandshakeAllThreads
Event: 37.211 Executing VM operation: HandshakeAllThreads done
Event: 37.253 Executing VM operation: HandshakeAllThreads
Event: 37.254 Executing VM operation: HandshakeAllThreads done
Event: 37.266 Executing VM operation: ICBufferFull
Event: 37.266 Executing VM operation: ICBufferFull done
Event: 37.587 Executing VM operation: HandshakeAllThreads
Event: 37.587 Executing VM operation: HandshakeAllThreads done
Event: 37.849 Executing VM operation: HandshakeAllThreads
Event: 37.849 Executing VM operation: HandshakeAllThreads done
Event: 37.852 Executing VM operation: HandshakeAllThreads
Event: 37.853 Executing VM operation: HandshakeAllThreads done
Event: 37.871 Executing VM operation: ICBufferFull
Event: 37.871 Executing VM operation: ICBufferFull done
Event: 38.158 Executing VM operation: ICBufferFull
Event: 38.158 Executing VM operation: ICBufferFull done
Event: 38.719 Executing VM operation: G1CollectForAllocation
Event: 38.785 Executing VM operation: G1CollectForAllocation done
Event: 38.871 Executing VM operation: HandshakeAllThreads
Event: 38.871 Executing VM operation: HandshakeAllThreads done

Events (20 events):
Event: 37.828 Thread 0x00000249d63b3c70 Thread added: 0x00000249d63b3c70
Event: 37.828 Thread 0x00000249d63b2830 Thread added: 0x00000249d63b2830
Event: 37.828 Thread 0x00000249d63b1900 Thread added: 0x00000249d63b1900
Event: 37.829 Thread 0x00000249d63b8350 Thread added: 0x00000249d63b8350
Event: 37.829 Thread 0x00000249d63b3760 Thread added: 0x00000249d63b3760
Event: 37.829 Thread 0x00000249d63b6a00 Thread added: 0x00000249d63b6a00
Event: 37.829 Thread 0x00000249d63b0ee0 Thread added: 0x00000249d63b0ee0
Event: 37.829 Thread 0x00000249d63b64f0 Thread added: 0x00000249d63b64f0
Event: 37.829 Thread 0x00000249d63b6f10 Thread added: 0x00000249d63b6f10
Event: 37.830 Thread 0x00000249d63b4ba0 Thread added: 0x00000249d63b4ba0
Event: 37.830 Thread 0x00000249d63b50b0 Thread added: 0x00000249d63b50b0
Event: 37.830 Thread 0x00000249d63b7e40 Thread added: 0x00000249d63b7e40
Event: 37.830 Thread 0x00000249d63b8860 Thread added: 0x00000249d63b8860
Event: 37.830 Thread 0x00000249d63b5fe0 Thread added: 0x00000249d63b5fe0
Event: 37.830 Thread 0x00000249d63b55c0 Thread added: 0x00000249d63b55c0
Event: 37.924 loading class java/nio/file/StandardCopyOption
Event: 37.924 loading class java/nio/file/StandardCopyOption done
Event: 37.924 loading class sun/nio/fs/WindowsFileCopy
Event: 37.925 loading class sun/nio/fs/WindowsFileCopy done
Event: 38.071 Thread 0x00000249d63b7420 Thread added: 0x00000249d63b7420


Dynamic libraries:
0x00007ff7c85c0000 - 0x00007ff7c85d0000 	C:\Program Files\Java\jdk-17\bin\java.exe
0x00007ffb20350000 - 0x00007ffb20567000 	C:\WINDOWS\SYSTEM32\ntdll.dll
0x00007ffb1f4e0000 - 0x00007ffb1f5a4000 	C:\WINDOWS\System32\KERNEL32.DLL
0x00007ffb1d7b0000 - 0x00007ffb1db56000 	C:\WINDOWS\System32\KERNELBASE.dll
0x00007ffb1df50000 - 0x00007ffb1e061000 	C:\WINDOWS\System32\ucrtbase.dll
0x00007ffb0c410000 - 0x00007ffb0c429000 	C:\Program Files\Java\jdk-17\bin\jli.dll
0x00007ffb072f0000 - 0x00007ffb0730b000 	C:\Program Files\Java\jdk-17\bin\VCRUNTIME140.dll
0x00007ffb20250000 - 0x00007ffb20303000 	C:\WINDOWS\System32\ADVAPI32.dll
0x00007ffb1e0a0000 - 0x00007ffb1e147000 	C:\WINDOWS\System32\msvcrt.dll
0x00007ffb1e190000 - 0x00007ffb1e238000 	C:\WINDOWS\System32\sechost.dll
0x00007ffb1e070000 - 0x00007ffb1e098000 	C:\WINDOWS\System32\bcrypt.dll
0x00007ffb1e440000 - 0x00007ffb1e557000 	C:\WINDOWS\System32\RPCRT4.dll
0x00007ffb200a0000 - 0x00007ffb2024e000 	C:\WINDOWS\System32\USER32.dll
0x00007ffb0d050000 - 0x00007ffb0d2e3000 	C:\WINDOWS\WinSxS\amd64_microsoft.windows.common-controls_6595b64144ccf1df_6.0.22621.2506_none_270c5ae97388e100\COMCTL32.dll
0x00007ffb1db60000 - 0x00007ffb1db86000 	C:\WINDOWS\System32\win32u.dll
0x00007ffb1e160000 - 0x00007ffb1e189000 	C:\WINDOWS\System32\GDI32.dll
0x00007ffb1dd70000 - 0x00007ffb1de88000 	C:\WINDOWS\System32\gdi32full.dll
0x00007ffb1d710000 - 0x00007ffb1d7aa000 	C:\WINDOWS\System32\msvcp_win.dll
0x00007ffb14b20000 - 0x00007ffb14b2a000 	C:\WINDOWS\SYSTEM32\VERSION.dll
0x00007ffb1fab0000 - 0x00007ffb1fae1000 	C:\WINDOWS\System32\IMM32.DLL
0x00007ffaf08c0000 - 0x00007ffaf08cc000 	C:\Program Files\Java\jdk-17\bin\vcruntime140_1.dll
0x00007ffa8c2c0000 - 0x00007ffa8c34e000 	C:\Program Files\Java\jdk-17\bin\msvcp140.dll
0x00007ffa3f4c0000 - 0x00007ffa400a1000 	C:\Program Files\Java\jdk-17\bin\server\jvm.dll
0x00007ffb1e640000 - 0x00007ffb1e648000 	C:\WINDOWS\System32\PSAPI.DLL
0x00007ffb167e0000 - 0x00007ffb16814000 	C:\WINDOWS\SYSTEM32\WINMM.dll
0x00007ffafa1a0000 - 0x00007ffafa1a9000 	C:\WINDOWS\SYSTEM32\WSOCK32.dll
0x00007ffb1faf0000 - 0x00007ffb1fb61000 	C:\WINDOWS\System32\WS2_32.dll
0x00007ffb1c5f0000 - 0x00007ffb1c608000 	C:\WINDOWS\SYSTEM32\kernel.appcore.dll
0x00007ffaec0d0000 - 0x00007ffaec0da000 	C:\Program Files\Java\jdk-17\bin\jimage.dll
0x00007ffb1b200000 - 0x00007ffb1b433000 	C:\WINDOWS\SYSTEM32\DBGHELP.DLL
0x00007ffb1fd10000 - 0x00007ffb20099000 	C:\WINDOWS\System32\combase.dll
0x00007ffb1e560000 - 0x00007ffb1e637000 	C:\WINDOWS\System32\OLEAUT32.dll
0x00007ffb02de0000 - 0x00007ffb02e12000 	C:\WINDOWS\SYSTEM32\dbgcore.DLL
0x00007ffb1d690000 - 0x00007ffb1d70a000 	C:\WINDOWS\System32\bcryptPrimitives.dll
0x00007ffaec070000 - 0x00007ffaec095000 	C:\Program Files\Java\jdk-17\bin\java.dll
0x00007ffad4e50000 - 0x00007ffad4f27000 	C:\Program Files\Java\jdk-17\bin\jsvml.dll
0x00007ffb1e8e0000 - 0x00007ffb1f13b000 	C:\WINDOWS\System32\SHELL32.dll
0x00007ffb1b5a0000 - 0x00007ffb1be96000 	C:\WINDOWS\SYSTEM32\windows.storage.dll
0x00007ffb1b460000 - 0x00007ffb1b59e000 	C:\WINDOWS\SYSTEM32\wintypes.dll
0x00007ffb1e340000 - 0x00007ffb1e433000 	C:\WINDOWS\System32\SHCORE.dll
0x00007ffb1f3c0000 - 0x00007ffb1f41e000 	C:\WINDOWS\System32\shlwapi.dll
0x00007ffb1d5c0000 - 0x00007ffb1d5e6000 	C:\WINDOWS\SYSTEM32\profapi.dll
0x00007ffb16650000 - 0x00007ffb16669000 	C:\Program Files\Java\jdk-17\bin\net.dll
0x00007ffb172d0000 - 0x00007ffb17407000 	C:\WINDOWS\SYSTEM32\WINHTTP.dll
0x00007ffb1cb10000 - 0x00007ffb1cb79000 	C:\WINDOWS\system32\mswsock.dll
0x00007ffaec020000 - 0x00007ffaec036000 	C:\Program Files\Java\jdk-17\bin\nio.dll
0x00007ffaec000000 - 0x00007ffaec018000 	C:\Program Files\Java\jdk-17\bin\zip.dll
0x00007ffb18750000 - 0x00007ffb18760000 	C:\Program Files\Java\jdk-17\bin\verify.dll
0x00007ffb18850000 - 0x00007ffb18877000 	C:\Users\Christian\.gradle\native\e1d6ef7f7dcc3fd88c89a11ec53ec762bb8ba0a96d01ffa2cd45eb1d1d8dd5c5\windows-amd64\native-platform.dll
0x00007ffa8d040000 - 0x00007ffa8d184000 	C:\Users\Christian\.gradle\native\0d407fdbe67a94daf76414ababcb853783967236a71b16ec16e742cd7a986fd3\windows-amd64\native-platform-file-events.dll
0x00007ffaec060000 - 0x00007ffaec06a000 	C:\Program Files\Java\jdk-17\bin\management.dll
0x00007ffaebff0000 - 0x00007ffaebffb000 	C:\Program Files\Java\jdk-17\bin\management_ext.dll
0x00007ffb1cd50000 - 0x00007ffb1cd6b000 	C:\WINDOWS\SYSTEM32\CRYPTSP.dll
0x00007ffb1c610000 - 0x00007ffb1c645000 	C:\WINDOWS\system32\rsaenh.dll
0x00007ffb1cbd0000 - 0x00007ffb1cbfc000 	C:\WINDOWS\SYSTEM32\USERENV.dll
0x00007ffb1cd40000 - 0x00007ffb1cd4c000 	C:\WINDOWS\SYSTEM32\CRYPTBASE.dll
0x00007ffb1c100000 - 0x00007ffb1c12d000 	C:\WINDOWS\SYSTEM32\IPHLPAPI.DLL
0x00007ffb1f140000 - 0x00007ffb1f149000 	C:\WINDOWS\System32\NSI.dll
0x00007ffb16f10000 - 0x00007ffb16f29000 	C:\WINDOWS\SYSTEM32\dhcpcsvc6.DLL
0x00007ffb16ef0000 - 0x00007ffb16f0f000 	C:\WINDOWS\SYSTEM32\dhcpcsvc.DLL
0x00007ffb1c170000 - 0x00007ffb1c269000 	C:\WINDOWS\SYSTEM32\DNSAPI.dll
0x00007ffaba3b0000 - 0x00007ffaba3be000 	C:\Program Files\Java\jdk-17\bin\sunmscapi.dll
0x00007ffb1db90000 - 0x00007ffb1dcf6000 	C:\WINDOWS\System32\CRYPT32.dll
0x00007ffb1cf60000 - 0x00007ffb1cf8e000 	C:\WINDOWS\SYSTEM32\ncrypt.dll
0x00007ffb1cf20000 - 0x00007ffb1cf57000 	C:\WINDOWS\SYSTEM32\NTASN1.dll
0x00007ffb16600000 - 0x00007ffb16608000 	C:\WINDOWS\system32\wshunix.dll

dbghelp: loaded successfully - version: 4.0.5 - missing functions: none
symbol engine: initialized successfully - sym options: 0x614 - pdb path: .;C:\Program Files\Java\jdk-17\bin;C:\WINDOWS\SYSTEM32;C:\WINDOWS\WinSxS\amd64_microsoft.windows.common-controls_6595b64144ccf1df_6.0.22621.2506_none_270c5ae97388e100;C:\Program Files\Java\jdk-17\bin\server;C:\Users\Christian\.gradle\native\e1d6ef7f7dcc3fd88c89a11ec53ec762bb8ba0a96d01ffa2cd45eb1d1d8dd5c5\windows-amd64;C:\Users\Christian\.gradle\native\0d407fdbe67a94daf76414ababcb853783967236a71b16ec16e742cd7a986fd3\windows-amd64

VM Arguments:
jvm_args: --add-opens=java.base/java.util=ALL-UNNAMED --add-opens=java.base/java.lang=ALL-UNNAMED --add-opens=java.base/java.lang.invoke=ALL-UNNAMED --add-opens=java.base/java.util=ALL-UNNAMED --add-opens=java.prefs/java.util.prefs=ALL-UNNAMED --add-opens=java.prefs/java.util.prefs=ALL-UNNAMED --add-opens=java.base/java.nio.charset=ALL-UNNAMED --add-opens=java.base/java.net=ALL-UNNAMED --add-opens=java.base/java.util.concurrent.atomic=ALL-UNNAMED -Xmx4G -Dfile.encoding=utf8 -Duser.country=FR -Duser.language=fr -Duser.variant 
java_command: org.gradle.launcher.daemon.bootstrap.GradleDaemon 7.5
java_class_path (initial): C:\Users\Christian\.gradle\wrapper\dists\gradle-7.5-all\6qsw290k5lz422uaf8jf6m7co\gradle-7.5\lib\gradle-launcher-7.5.jar
Launcher Type: SUN_STANDARD

[Global flags]
     intx CICompilerCount                          = 4                                         {product} {ergonomic}
     uint ConcGCThreads                            = 3                                         {product} {ergonomic}
     uint G1ConcRefinementThreads                  = 10                                        {product} {ergonomic}
   size_t G1HeapRegionSize                         = 2097152                                   {product} {ergonomic}
    uintx GCDrainStackTargetSize                   = 64                                        {product} {ergonomic}
   size_t InitialHeapSize                          = 98566144                                  {product} {ergonomic}
   size_t MarkStackSize                            = 4194304                                   {product} {ergonomic}
   size_t MaxHeapSize                              = 4294967296                                {product} {command line}
   size_t MaxNewSize                               = 2575302656                                {product} {ergonomic}
   size_t MinHeapDeltaBytes                        = 2097152                                   {product} {ergonomic}
   size_t MinHeapSize                              = 8388608                                   {product} {ergonomic}
    uintx NonNMethodCodeHeapSize                   = 5839372                                {pd product} {ergonomic}
    uintx NonProfiledCodeHeapSize                  = 122909434                              {pd product} {ergonomic}
    uintx ProfiledCodeHeapSize                     = 122909434                              {pd product} {ergonomic}
    uintx ReservedCodeCacheSize                    = 251658240                              {pd product} {ergonomic}
     bool SegmentedCodeCache                       = true                                      {product} {ergonomic}
   size_t SoftMaxHeapSize                          = 4294967296                             {manageable} {ergonomic}
     bool UseCompressedClassPointers               = true                           {product lp64_product} {ergonomic}
     bool UseCompressedOops                        = true                           {product lp64_product} {ergonomic}
     bool UseG1GC                                  = true                                      {product} {ergonomic}
     bool UseLargePagesIndividualAllocation        = false                                  {pd product} {ergonomic}

Logging:
Log output configuration:
 #0: stdout all=warning uptime,level,tags
 #1: stderr all=off uptime,level,tags

Environment Variables:
PATH=C:\Program Files (x86)\VMware\VMware Workstation\bin\;C:\Program Files\Common Files\Oracle\Java\javapath;C:\Program Files (x86)\Common Files\Oracle\Java\javapath;C:\Windows\system32;C:\Windows;C:\Windows\System32\Wbem;C:\Windows\System32\WindowsPowerShell\v1.0\;C:\Windows\System32\OpenSSH\;C:\Program Files (x86)\NVIDIA Corporation\PhysX\Common;C:\Program Files\NVIDIA Corporation\NVIDIA NvDLISR;C:\WINDOWS\system32;C:\WINDOWS;C:\WINDOWS\System32\Wbem;C:\WINDOWS\System32\WindowsPowerShell\v1.0\;C:\WINDOWS\System32\OpenSSH\;C:\ProgramData\chocolatey\bin;C:\Program Files\Docker\Docker\resources\bin;C:\Program Files\nodejs\;C:\Program Files\Git\cmd;C:\Users\Christian\AppData\Local\Programs\Python\Python311\Scripts\;C:\Users\Christian\AppData\Local\Programs\Python\Python311\;C:\Users\Christian\AppData\Local\Programs\Python\Python312\Scripts\;C:\Users\Christian\AppData\Local\Programs\Python\Python312\;C:\Users\Christian\AppData\Local\Programs\Python\Python310\Scripts\;C:\Users\Christian\AppData\Local\Programs\Python\Python310\;C:\Users\Christian\AppData\Local\Microsoft\WindowsApps;C:\Users\Christian\AppData\Local\Programs\Microsoft VS Code\bin;C:\Users\Christian\AppData\Local\GitHubDesktop\bin;C:\Flutter\bin;C:\tools\dart-sdk\bin;C:\Users\Christian\AppData\Roaming\Pub\Cache\bin;C:\Users\Christian\AppData\Roaming\npm;C:\Program Files\JetBrains\IntelliJ IDEA 2023.2.3\bin;
USERNAME=Christian
OS=Windows_NT
PROCESSOR_IDENTIFIER=AMD64 Family 25 Model 80 Stepping 0, AuthenticAMD



---------------  S Y S T E M  ---------------

OS:
 Windows 11 , 64 bit Build 22621 (10.0.22621.3085)
OS uptime: 0 days 0:14 hours
Hyper-V role detected

CPU: total 12 (initial active 12) (12 cores per cpu, 2 threads per core) family 25 model 80 stepping 0 microcode 0x0, cx8, cmov, fxsr, ht, mmx, 3dnowpref, sse, sse2, sse3, ssse3, sse4a, sse4.1, sse4.2, popcnt, lzcnt, tsc, tscinvbit, avx, avx2, aes, erms, clmul, bmi1, bmi2, adx, sha, fma, vzeroupper, clflush, clflushopt, hv

Memory: 4k page, system-wide physical 5996M (114M free)
TotalPageFile size 24428M (AvailPageFile size 0M)
current process WorkingSet (physical memory assigned to process): 372M, peak: 513M
current process commit charge ("private bytes"): 616M, peak: 617M

vm_info: Java HotSpot(TM) 64-Bit Server VM (17.0.9+11-LTS-201) for windows-amd64 JRE (17.0.9+11-LTS-201), built on Oct 10 2023 23:16:06 by "mach5one" with MS VC++ 17.1 (VS2022)

END.
